#
# A fatal error has been detected by the Java Runtime Environment:
#
#  SIGSEGV (0xb) at pc=0x00007f36712dd830, pid=32227, tid=139871446861568
#
# JRE version: Java(TM) SE Runtime Environment (8.0_25-b17) (build 1.8.0_25-b17)
# Java VM: Java HotSpot(TM) 64-Bit Server VM (25.25-b02 mixed mode linux-amd64 compressed oops)
# Problematic frame:
# V  [libjvm.so+0x8c5830]  ObjArrayKlass::oop_follow_contents(ParCompactionManager*, oopDesc*)+0x160
#
# Failed to write core dump. Core dumps have been disabled. To enable core dumping, try "ulimit -c unlimited" before starting Java again
#
# If you would like to submit a bug report, please visit:
#   http://bugreport.sun.com/bugreport/crash.jsp
#

---------------  T H R E A D  ---------------

Current thread (0x00007f366c01f000):  GCTaskThread [stack: 0x00007f365bd78000,0x00007f365be79000] [id=32230]

siginfo: si_signo: 11 (SIGSEGV), si_code: 128 (SI_KERNEL), si_addr: 0x0000000000000000

Registers:
RAX=0x00007f3659c77000, RBX=0x00007f36719722c0, RCX=0x0000000000000000, RDX=0x007fffffffa00004
RSP=0x00007f365be77940, RBP=0x00007f365be779b0, RSI=0x0000000000000001, RDI=0x00007f3671972340
R8 =0x0000000000000021, R9 =0x0000000000000004, R10=0x0000000000000004, R11=0x00007f367196e2a0
R12=0x0000000000000800, R13=0x00000000c10f1c70, R14=0x0000000000000004, R15=0x00007f366c06c340
RIP=0x00007f36712dd830, EFLAGS=0x0000000000010212, CSGSFS=0x0000000000000033, ERR=0x0000000000000000
  TRAPNO=0x000000000000000d

Top of Stack: (sp=0x00007f365be77940)
0x00007f365be77940:   00000000c10f15c0 00000000c10f1dd0
0x00007f365be77950:   0000000000000200 00000000c10f1590
0x00007f365be77960:   000000010001bd80 00007f366c06c380
0x00007f365be77970:   00007f367192f0e8 0000000000000200
0x00007f365be77980:   00000000c10f0a20 00007f367196e2a0
0x00007f365be77990:   00007f366c06c340 00007f366c06c340
0x00007f365be779a0:   00007f366c01f8d0 00007f367150f800
0x00007f365be779b0:   00007f365be77b40 00007f3671350e22
0x00007f365be779c0:   0000000000000000 00000000c2fd27e8
0x00007f365be779d0:   00007f366c06c350 00007f365be77af0
0x00007f365be779e0:   00007f365be77ac0 00007f365be77aa0
0x00007f365be779f0:   00007f365be77a90 00007f365be77a80
0x00007f365be77a00:   00007f365be77a70 00007f365be77a60
0x00007f365be77a10:   00000000f8b9b021 00007f366c06c400
0x00007f365be77a20:   00000000c294b15d 00007f366c06c720
0x00007f365be77a30:   00007f3671972428 00000000f8b9b6a8
0x00007f365be77a40:   00000000ed7d4ac8 0000000000000005
0x00007f365be77a50:   00007f366c06c380 00007f365be77b08
0x00007f365be77a60:   00007f365be77ae0 0000000000000000
0x00007f365be77a70:   0000000000000000 00007f367219a428
0x00007f365be77a80:   00007f365be77b70 00007f366c06c6c0
0x00007f365be77a90:   00000000f8b3ce91 00007f3671036440
0x00007f365be77aa0:   00007f366c020428 0000000000000000
0x00007f365be77ab0:   00007f36721938a4 00000000f8b9ae2c
0x00007f365be77ac0:   00007f366c06c6c0 00007f3671946a40
0x00007f365be77ad0:   00007f365be77b50 00007f36712dbd4f
0x00007f365be77ae0:   00000000c0101c58 00007f366c06c340
0x00007f365be77af0:   00007f365be77b20 00007f367135e7ec
0x00007f365be77b00:   00000000c0101c88 00000000c10f15c0
0x00007f365be77b10:   00007f365be77b40 00007f366c023520
0x00007f365be77b20:   00007f365be77bf0 00007f366c06c340
0x00007f365be77b30:   00007f366c01f8d0 00007f367150f800 

Instructions: (pc=0x00007f36712dd830)
0x00007f36712dd810:   c1 48 8b 43 30 48 c1 ee 03 48 d3 ee 48 89 f2 89
0x00007f36712dd820:   f1 be 01 00 00 00 83 e1 3f 48 c1 ea 06 48 d3 e6
0x00007f36712dd830:   48 85 34 d0 75 9a 48 8b 05 7b cc 64 00 80 38 00
0x00007f36712dd840:   0f 85 ba 02 00 00 49 8b 74 24 08 4c 89 e7 e8 5d 

Register to memory mapping:

RAX=0x00007f3659c77000 is an unknown value
RBX=0x00007f36719722c0: <offset 0xf5a2c0> in /usr/lib/jvm/jdk1.8.0_25/jre/lib/amd64/server/libjvm.so at 0x00007f3670a18000
RCX=0x0000000000000000 is an unknown value
RDX=0x007fffffffa00004 is an unknown value
RSP=0x00007f365be77940 is an unknown value
RBP=0x00007f365be779b0 is an unknown value
RSI=0x0000000000000001 is an unknown value
RDI=0x00007f3671972340: <offset 0xf5a340> in /usr/lib/jvm/jdk1.8.0_25/jre/lib/amd64/server/libjvm.so at 0x00007f3670a18000
R8 =0x0000000000000021 is an unknown value
R9 =0x0000000000000004 is an unknown value
R10=0x0000000000000004 is an unknown value
R11=0x00007f367196e2a0: <offset 0xf562a0> in /usr/lib/jvm/jdk1.8.0_25/jre/lib/amd64/server/libjvm.so at 0x00007f3670a18000
R12=0x0000000000000800 is an unknown value
R13=0x00000000c10f1c70 is pointing into object: 0x00000000c10f15c0
[Ljava.util.HashMap$Node; 
 - klass: 'java/util/HashMap$Node'[]
 - length: 512
R14=0x0000000000000004 is an unknown value
R15=0x00007f366c06c340 is an unknown value


Stack: [0x00007f365bd78000,0x00007f365be79000],  sp=0x00007f365be77940,  free space=1022k
Native frames: (J=compiled Java code, j=interpreted, Vv=VM code, C=native code)
V  [libjvm.so+0x8c5830]  ObjArrayKlass::oop_follow_contents(ParCompactionManager*, oopDesc*)+0x160
V  [libjvm.so+0x938e22]  ParCompactionManager::follow_marking_stacks()+0x232
V  [libjvm.so+0x920348]  MarkFromRootsTask::do_it(GCTaskManager*, unsigned int)+0x88
V  [libjvm.so+0x5afb5f]  GCTaskThread::run()+0x12f
V  [libjvm.so+0x8e7d48]  java_start(Thread*)+0x108


---------------  P R O C E S S  ---------------

Java Threads: ( => current thread )
  0x0000000001bb1800 JavaThread "Task worker" [_thread_blocked, id=32408, stack(0x00007f3648041000,0x00007f3648142000)]
  0x000000000180a000 JavaThread "File lock request listener" [_thread_in_native, id=32315, stack(0x00007f3649605000,0x00007f3649706000)]
  0x000000000140e000 JavaThread "process reaper" daemon [_thread_blocked, id=32311, stack(0x00007f3649706000,0x00007f364973f000)]
  0x00007f362000b000 JavaThread "Daemon worker" [_thread_blocked, id=32255, stack(0x00007f3649cce000,0x00007f3649dcf000)]
  0x00007f3620006000 JavaThread "Cancel handler" [_thread_blocked, id=32254, stack(0x00007f3649fcf000,0x00007f364a0d0000)]
  0x00007f3620003800 JavaThread "Handler for socket connection from /127.0.0.1:55552 to /127.0.0.1:58543" [_thread_in_native, id=32253, stack(0x00007f364a0d0000,0x00007f364a1d1000)]
  0x00007f362c018000 JavaThread "Daemon" [_thread_blocked, id=32252, stack(0x00007f364a1d1000,0x00007f364a2d2000)]
  0x00007f366ca86000 JavaThread "Incoming local TCP Connector on port 55552" [_thread_in_native, id=32251, stack(0x00007f364a2d2000,0x00007f364a3d3000)]
  0x00007f366c0b0000 JavaThread "Service Thread" daemon [_thread_blocked, id=32240, stack(0x00007f3658069000,0x00007f365816a000)]
  0x00007f366c0ab000 JavaThread "C1 CompilerThread1" daemon [_thread_blocked, id=32239, stack(0x00007f365816a000,0x00007f365826b000)]
  0x00007f366c0a8000 JavaThread "C2 CompilerThread0" daemon [_thread_blocked, id=32238, stack(0x00007f365826b000,0x00007f365836c000)]
  0x00007f366c0a6000 JavaThread "Signal Dispatcher" daemon [_thread_blocked, id=32237, stack(0x00007f365836c000,0x00007f365846d000)]
  0x00007f366c078000 JavaThread "Finalizer" daemon [_thread_blocked, id=32234, stack(0x00007f365846d000,0x00007f365856e000)]
  0x00007f366c076000 JavaThread "Reference Handler" daemon [_thread_blocked, id=32233, stack(0x00007f365856e000,0x00007f365866f000)]
  0x00007f366c00a000 JavaThread "main" [_thread_blocked, id=32229, stack(0x00007f36724c9000,0x00007f36725ca000)]

Other Threads:
  0x00007f366c06f000 VMThread [stack: 0x00007f365866f000,0x00007f3658770000] [id=32232]
  0x00007f366c0b4800 WatcherThread [stack: 0x00007f364b52f000,0x00007f364b630000] [id=32241]

=>0x00007f366c01f000 (exited) GCTaskThread [stack: 0x00007f365bd78000,0x00007f365be79000] [id=32230]

VM state:at safepoint (normal execution)

VM Mutex/Monitor currently owned by a thread:  ([mutex/lock_event])
[0x00007f366c006220] Threads_lock - owner thread: 0x00007f366c06f000
[0x00007f366c006720] Heap_lock - owner thread: 0x0000000001bb1800

Heap:
 PSYoungGen      total 233472K, used 30673K [0x00000000eab00000, 0x00000000ffe80000, 0x0000000100000000)
  eden space 201728K, 0% used [0x00000000eab00000,0x00000000eab00000,0x00000000f7000000)
  from space 31744K, 96% used [0x00000000f7000000,0x00000000f8df46d8,0x00000000f8f00000)
  to   space 35840K, 0% used [0x00000000fdb80000,0x00000000fdb80000,0x00000000ffe80000)
 ParOldGen       total 192000K, used 48977K [0x00000000c0000000, 0x00000000cbb80000, 0x00000000eab00000)
  object space 192000K, 25% used [0x00000000c0000000,0x00000000c2fd4740,0x00000000cbb80000)
 Metaspace       used 57436K, capacity 59024K, committed 59096K, reserved 1099776K
  class space    used 7623K, capacity 8095K, committed 8152K, reserved 1048576K

Card table byte_map: [0x00007f365bfcf000,0x00007f365c1d0000] byte_map_base: 0x00007f365b9cf000

Marking Bits: (ParMarkBitMap*) 0x00007f36719722c0
 Begin Bits: [0x00007f3659c77000, 0x00007f365ac77000)
 End Bits:   [0x00007f365ac77000, 0x00007f365bc77000)

Polling page: 0x00007f36724c8000

CodeCache: size=245760Kb used=20915Kb max_used=20932Kb free=224844Kb
 bounds [0x00007f365c590000, 0x00007f365da20000, 0x00007f366b590000]
 total_blobs=7735 nmethods=7014 adapters=634
 compilation: enabled

Compilation events (10 events):
Event: 66.150 Thread 0x00007f366c0ab000 8197       2       java.io.ObjectStreamClass::setObjFieldValues (10 bytes)
Event: 66.150 Thread 0x00007f366c0ab000 nmethod 8197 0x00007f365da15290 code [0x00007f365da15400, 0x00007f365da15568]
Event: 66.150 Thread 0x00007f366c0ab000 8193       2       com.google.common.collect.ArrayListMultimap::create (8 bytes)
Event: 66.150 Thread 0x00007f366c0ab000 nmethod 8193 0x00007f365da15650 code [0x00007f365da157c0, 0x00007f365da15a88]
Event: 66.151 Thread 0x00007f366c0ab000 8200       1       com.android.build.gradle.internal.tasks.IncrementalTask::getIncrementalFolder (5 bytes)
Event: 66.151 Thread 0x00007f366c0ab000 nmethod 8200 0x00007f365da15c10 code [0x00007f365da15d60, 0x00007f365da15e70]
Event: 66.151 Thread 0x00007f366c0ab000 8201       1       org.gradle.api.internal.changedetection.state.CacheBackedTaskHistoryRepository$LazyTaskExecution::access$100 (5 bytes)
Event: 66.151 Thread 0x00007f366c0ab000 nmethod 8201 0x00007f365da15ed0 code [0x00007f365da16020, 0x00007f365da16110]
Event: 66.158 Thread 0x00007f366c0ab000 8203       2       com.google.common.base.CharMatcher$9::matches (14 bytes)
Event: 66.159 Thread 0x00007f366c0ab000 nmethod 8203 0x00007f365da16190 code [0x00007f365da162e0, 0x00007f365da16450]

GC Heap History (10 events):
Event: 33.658 GC heap after
Heap after GC invocations=9 (full 2):
 PSYoungGen      total 133120K, used 9020K [0x00000000eab00000, 0x00000000f6500000, 0x0000000100000000)
  eden space 118272K, 0% used [0x00000000eab00000,0x00000000eab00000,0x00000000f1e80000)
  from space 14848K, 60% used [0x00000000f1e80000,0x00000000f274f208,0x00000000f2d00000)
  to   space 13824K, 0% used [0x00000000f5780000,0x00000000f5780000,0x00000000f6500000)
 ParOldGen       total 192000K, used 21662K [0x00000000c0000000, 0x00000000cbb80000, 0x00000000eab00000)
  object space 192000K, 11% used [0x00000000c0000000,0x00000000c1527830,0x00000000cbb80000)
 Metaspace       used 37642K, capacity 38282K, committed 38528K, reserved 1083392K
  class space    used 5080K, capacity 5219K, committed 5248K, reserved 1048576K
}
Event: 37.484 GC heap before
{Heap before GC invocations=10 (full 2):
 PSYoungGen      total 133120K, used 127292K [0x00000000eab00000, 0x00000000f6500000, 0x0000000100000000)
  eden space 118272K, 100% used [0x00000000eab00000,0x00000000f1e80000,0x00000000f1e80000)
  from space 14848K, 60% used [0x00000000f1e80000,0x00000000f274f208,0x00000000f2d00000)
  to   space 13824K, 0% used [0x00000000f5780000,0x00000000f5780000,0x00000000f6500000)
 ParOldGen       total 192000K, used 21662K [0x00000000c0000000, 0x00000000cbb80000, 0x00000000eab00000)
  object space 192000K, 11% used [0x00000000c0000000,0x00000000c1527830,0x00000000cbb80000)
 Metaspace       used 41661K, capacity 42442K, committed 42496K, reserved 1085440K
  class space    used 5728K, capacity 5883K, committed 5888K, reserved 1048576K
Event: 37.579 GC heap after
Heap after GC invocations=10 (full 2):
 PSYoungGen      total 173568K, used 13807K [0x00000000eab00000, 0x00000000f7080000, 0x0000000100000000)
  eden space 159744K, 0% used [0x00000000eab00000,0x00000000eab00000,0x00000000f4700000)
  from space 13824K, 99% used [0x00000000f5780000,0x00000000f64fbc20,0x00000000f6500000)
  to   space 16896K, 0% used [0x00000000f4700000,0x00000000f4700000,0x00000000f5780000)
 ParOldGen       total 192000K, used 24896K [0x00000000c0000000, 0x00000000cbb80000, 0x00000000eab00000)
  object space 192000K, 12% used [0x00000000c0000000,0x00000000c18503f0,0x00000000cbb80000)
 Metaspace       used 41661K, capacity 42442K, committed 42496K, reserved 1085440K
  class space    used 5728K, capacity 5883K, committed 5888K, reserved 1048576K
}
Event: 47.626 GC heap before
{Heap before GC invocations=11 (full 2):
 PSYoungGen      total 173568K, used 173551K [0x00000000eab00000, 0x00000000f7080000, 0x0000000100000000)
  eden space 159744K, 100% used [0x00000000eab00000,0x00000000f4700000,0x00000000f4700000)
  from space 13824K, 99% used [0x00000000f5780000,0x00000000f64fbc20,0x00000000f6500000)
  to   space 16896K, 0% used [0x00000000f4700000,0x00000000f4700000,0x00000000f5780000)
 ParOldGen       total 192000K, used 24896K [0x00000000c0000000, 0x00000000cbb80000, 0x00000000eab00000)
  object space 192000K, 12% used [0x00000000c0000000,0x00000000c18503f0,0x00000000cbb80000)
 Metaspace       used 45845K, capacity 46984K, committed 47104K, reserved 1089536K
  class space    used 6333K, capacity 6635K, committed 6656K, reserved 1048576K
Event: 48.077 GC heap after
Heap after GC invocations=11 (full 2):
 PSYoungGen      total 176640K, used 16894K [0x00000000eab00000, 0x00000000fa700000, 0x0000000100000000)
  eden space 159744K, 0% used [0x00000000eab00000,0x00000000eab00000,0x00000000f4700000)
  from space 16896K, 99% used [0x00000000f4700000,0x00000000f577fa58,0x00000000f5780000)
  to   space 24576K, 0% used [0x00000000f8f00000,0x00000000f8f00000,0x00000000fa700000)
 ParOldGen       total 192000K, used 38200K [0x00000000c0000000, 0x00000000cbb80000, 0x00000000eab00000)
  object space 192000K, 19% used [0x00000000c0000000,0x00000000c254e308,0x00000000cbb80000)
 Metaspace       used 45845K, capacity 46984K, committed 47104K, reserved 1089536K
  class space    used 6333K, capacity 6635K, committed 6656K, reserved 1048576K
}
Event: 60.712 GC heap before
{Heap before GC invocations=12 (full 2):
 PSYoungGen      total 176640K, used 176638K [0x00000000eab00000, 0x00000000fa700000, 0x0000000100000000)
  eden space 159744K, 100% used [0x00000000eab00000,0x00000000f4700000,0x00000000f4700000)
  from space 16896K, 99% used [0x00000000f4700000,0x00000000f577fa58,0x00000000f5780000)
  to   space 24576K, 0% used [0x00000000f8f00000,0x00000000f8f00000,0x00000000fa700000)
 ParOldGen       total 192000K, used 38200K [0x00000000c0000000, 0x00000000cbb80000, 0x00000000eab00000)
  object space 192000K, 19% used [0x00000000c0000000,0x00000000c254e308,0x00000000cbb80000)
 Metaspace       used 54806K, capacity 56346K, committed 56576K, reserved 1097728K
  class space    used 7365K, capacity 7812K, committed 7936K, reserved 1048576K
Event: 61.030 GC heap after
Heap after GC invocations=12 (full 2):
 PSYoungGen      total 226304K, used 24556K [0x00000000eab00000, 0x00000000fb580000, 0x0000000100000000)
  eden space 201728K, 0% used [0x00000000eab00000,0x00000000eab00000,0x00000000f7000000)
  from space 24576K, 99% used [0x00000000f8f00000,0x00000000fa6fb030,0x00000000fa700000)
  to   space 31744K, 0% used [0x00000000f7000000,0x00000000f7000000,0x00000000f8f00000)
 ParOldGen       total 192000K, used 48969K [0x00000000c0000000, 0x00000000cbb80000, 0x00000000eab00000)
  object space 192000K, 25% used [0x00000000c0000000,0x00000000c2fd2740,0x00000000cbb80000)
 Metaspace       used 54806K, capacity 56346K, committed 56576K, reserved 1097728K
  class space    used 7365K, capacity 7812K, committed 7936K, reserved 1048576K
}
Event: 66.246 GC heap before
{Heap before GC invocations=13 (full 2):
 PSYoungGen      total 226304K, used 72041K [0x00000000eab00000, 0x00000000fb580000, 0x0000000100000000)
  eden space 201728K, 23% used [0x00000000eab00000,0x00000000ed95f5e8,0x00000000f7000000)
  from space 24576K, 99% used [0x00000000f8f00000,0x00000000fa6fb030,0x00000000fa700000)
  to   space 31744K, 0% used [0x00000000f7000000,0x00000000f7000000,0x00000000f8f00000)
 ParOldGen       total 192000K, used 48969K [0x00000000c0000000, 0x00000000cbb80000, 0x00000000eab00000)
  object space 192000K, 25% used [0x00000000c0000000,0x00000000c2fd2740,0x00000000cbb80000)
 Metaspace       used 57436K, capacity 59024K, committed 59096K, reserved 1099776K
  class space    used 7623K, capacity 8095K, committed 8152K, reserved 1048576K
Event: 66.628 GC heap after
Heap after GC invocations=13 (full 2):
 PSYoungGen      total 233472K, used 30673K [0x00000000eab00000, 0x00000000ffe80000, 0x0000000100000000)
  eden space 201728K, 0% used [0x00000000eab00000,0x00000000eab00000,0x00000000f7000000)
  from space 31744K, 96% used [0x00000000f7000000,0x00000000f8df46d8,0x00000000f8f00000)
  to   space 35840K, 0% used [0x00000000fdb80000,0x00000000fdb80000,0x00000000ffe80000)
 ParOldGen       total 192000K, used 48977K [0x00000000c0000000, 0x00000000cbb80000, 0x00000000eab00000)
  object space 192000K, 25% used [0x00000000c0000000,0x00000000c2fd4740,0x00000000cbb80000)
 Metaspace       used 57436K, capacity 59024K, committed 59096K, reserved 1099776K
  class space    used 7623K, capacity 8095K, committed 8152K, reserved 1048576K
}
Event: 66.628 GC heap before
{Heap before GC invocations=14 (full 3):
 PSYoungGen      total 233472K, used 30673K [0x00000000eab00000, 0x00000000ffe80000, 0x0000000100000000)
  eden space 201728K, 0% used [0x00000000eab00000,0x00000000eab00000,0x00000000f7000000)
  from space 31744K, 96% used [0x00000000f7000000,0x00000000f8df46d8,0x00000000f8f00000)
  to   space 35840K, 0% used [0x00000000fdb80000,0x00000000fdb80000,0x00000000ffe80000)
 ParOldGen       total 192000K, used 48977K [0x00000000c0000000, 0x00000000cbb80000, 0x00000000eab00000)
  object space 192000K, 25% used [0x00000000c0000000,0x00000000c2fd4740,0x00000000cbb80000)
 Metaspace       used 57436K, capacity 59024K, committed 59096K, reserved 1099776K
  class space    used 7623K, capacity 8095K, committed 8152K, reserved 1048576K

Deoptimization events (10 events):
Event: 54.815 Thread 0x0000000001bb1800 Uncommon trap: reason=bimorphic action=maybe_recompile pc=0x00007f365cefdb6c method=java.io.BufferedInputStream.read1([BII)I @ 39
Event: 56.020 Thread 0x0000000001bb1800 Uncommon trap: reason=bimorphic action=maybe_recompile pc=0x00007f365cefdb6c method=java.io.BufferedInputStream.read1([BII)I @ 39
Event: 56.034 Thread 0x0000000001bb1800 Uncommon trap: reason=bimorphic action=maybe_recompile pc=0x00007f365cefdb6c method=java.io.BufferedInputStream.read1([BII)I @ 39
Event: 56.309 Thread 0x0000000001bb1800 Uncommon trap: reason=bimorphic action=maybe_recompile pc=0x00007f365cefdb6c method=java.io.BufferedInputStream.read1([BII)I @ 39
Event: 58.156 Thread 0x00007f362000b000 Uncommon trap: reason=class_check action=maybe_recompile pc=0x00007f365cfb5700 method=java.util.zip.InflaterInputStream.read([BII)I @ 100
Event: 58.177 Thread 0x00007f362000b000 Uncommon trap: reason=class_check action=maybe_recompile pc=0x00007f365cfb5700 method=java.util.zip.InflaterInputStream.read([BII)I @ 100
Event: 58.177 Thread 0x00007f362000b000 Uncommon trap: reason=class_check action=maybe_recompile pc=0x00007f365cfb5700 method=java.util.zip.InflaterInputStream.read([BII)I @ 100
Event: 58.177 Thread 0x00007f362000b000 Uncommon trap: reason=class_check action=maybe_recompile pc=0x00007f365cfb5700 method=java.util.zip.InflaterInputStream.read([BII)I @ 100
Event: 58.627 Thread 0x00007f362000b000 Uncommon trap: reason=class_check action=maybe_recompile pc=0x00007f365d263aa8 method=java.lang.AbstractStringBuilder.append(Ljava/lang/CharSequence;)Ljava/lang/AbstractStringBuilder; @ 26
Event: 58.627 Thread 0x00007f362000b000 Uncommon trap: reason=class_check action=maybe_recompile pc=0x00007f365d239958 method=java.lang.AbstractStringBuilder.append(Ljava/lang/CharSequence;II)Ljava/lang/AbstractStringBuilder; @ 18

Internal exceptions (10 events):
Event: 66.208 Thread 0x0000000001bb1800 Exception <a 'java/security/PrivilegedActionException'> (0x00000000ed8048d0) thrown at [/HUDSON/workspace/8-2-build-linux-amd64/jdk8u25/1514/hotspot/src/share/vm/prims/jvm.cpp, line 1312]
Event: 66.217 Thread 0x0000000001bb1800 Exception <a 'java/security/PrivilegedActionException'> (0x00000000ed812f10) thrown at [/HUDSON/workspace/8-2-build-linux-amd64/jdk8u25/1514/hotspot/src/share/vm/prims/jvm.cpp, line 1312]
Event: 66.218 Thread 0x0000000001bb1800 Exception <a 'java/security/PrivilegedActionException'> (0x00000000ed81b820) thrown at [/HUDSON/workspace/8-2-build-linux-amd64/jdk8u25/1514/hotspot/src/share/vm/prims/jvm.cpp, line 1312]
Event: 66.222 Thread 0x0000000001bb1800 Exception <a 'java/security/PrivilegedActionException'> (0x00000000ed823d78) thrown at [/HUDSON/workspace/8-2-build-linux-amd64/jdk8u25/1514/hotspot/src/share/vm/prims/jvm.cpp, line 1312]
Event: 66.225 Thread 0x0000000001bb1800 Exception <a 'java/security/PrivilegedActionException'> (0x00000000ed82e850) thrown at [/HUDSON/workspace/8-2-build-linux-amd64/jdk8u25/1514/hotspot/src/share/vm/prims/jvm.cpp, line 1312]
Event: 66.226 Thread 0x0000000001bb1800 Exception <a 'java/security/PrivilegedActionException'> (0x00000000ed838b50) thrown at [/HUDSON/workspace/8-2-build-linux-amd64/jdk8u25/1514/hotspot/src/share/vm/prims/jvm.cpp, line 1312]
Event: 66.231 Thread 0x0000000001bb1800 Exception <a 'java/security/PrivilegedActionException'> (0x00000000ed842e50) thrown at [/HUDSON/workspace/8-2-build-linux-amd64/jdk8u25/1514/hotspot/src/share/vm/prims/jvm.cpp, line 1312]
Event: 66.231 Thread 0x0000000001bb1800 Exception <a 'java/security/PrivilegedActionException'> (0x00000000ed84c460) thrown at [/HUDSON/workspace/8-2-build-linux-amd64/jdk8u25/1514/hotspot/src/share/vm/prims/jvm.cpp, line 1312]
Event: 66.232 Thread 0x0000000001bb1800 Exception <a 'java/security/PrivilegedActionException'> (0x00000000ed854b08) thrown at [/HUDSON/workspace/8-2-build-linux-amd64/jdk8u25/1514/hotspot/src/share/vm/prims/jvm.cpp, line 1312]
Event: 66.244 Thread 0x0000000001bb1800 Exception <a 'java/security/PrivilegedActionException'> (0x00000000ed85d250) thrown at [/HUDSON/workspace/8-2-build-linux-amd64/jdk8u25/1514/hotspot/src/share/vm/prims/jvm.cpp, line 1312]

Events (10 events):
Event: 66.226 loading class com/android/ide/common/resources/configuration/ScreenHeightQualifier done
Event: 66.231 loading class com/android/ide/common/resources/configuration/ScreenSizeQualifier
Event: 66.231 loading class com/android/ide/common/resources/configuration/ScreenSizeQualifier done
Event: 66.231 loading class com/android/ide/common/resources/configuration/ScreenRatioQualifier
Event: 66.231 loading class com/android/ide/common/resources/configuration/ScreenRatioQualifier done
Event: 66.232 loading class com/android/ide/common/resources/configuration/ScreenRoundQualifier
Event: 66.232 loading class com/android/ide/common/resources/configuration/ScreenRoundQualifier done
Event: 66.244 loading class com/android/ide/common/resources/configuration/ScreenOrientationQualifier
Event: 66.244 loading class com/android/ide/common/resources/configuration/ScreenOrientationQualifier done
Event: 66.246 Executing VM operation: CollectForMetadataAllocation


Dynamic libraries:
00400000-00401000 r-xp 00000000 08:01 9438296                            /usr/lib/jvm/jdk1.8.0_25/bin/java
00600000-00601000 rw-p 00000000 08:01 9438296                            /usr/lib/jvm/jdk1.8.0_25/bin/java
011dc000-022ac000 rw-p 00000000 00:00 0                                  [heap]
c0000000-cbb80000 rw-p 00000000 00:00 0 
cbb80000-eab00000 ---p 00000000 00:00 0 
eab00000-ffe80000 rw-p 00000000 00:00 0 
ffe80000-100000000 ---p 00000000 00:00 0 
100000000-1007f6000 rw-p 00000000 00:00 0 
1007f6000-140000000 ---p 00000000 00:00 0 
7f3618000000-7f3618021000 rw-p 00000000 00:00 0 
7f3618021000-7f361c000000 ---p 00000000 00:00 0 
7f361e711000-7f361e714000 ---p 00000000 00:00 0 
7f361e714000-7f361e812000 rw-p 00000000 00:00 0 
7f361e812000-7f361e815000 ---p 00000000 00:00 0 
7f361e815000-7f361e913000 rw-p 00000000 00:00 0 
7f361e913000-7f361e916000 ---p 00000000 00:00 0 
7f361e916000-7f361ea14000 rw-p 00000000 00:00 0 
7f361ea14000-7f361ea17000 ---p 00000000 00:00 0 
7f361ea17000-7f361ecd5000 rw-p 00000000 00:00 0 
7f361ecd5000-7f361ed15000 ---p 00000000 00:00 0 
7f361ed15000-7f361ef15000 rw-p 00000000 00:00 0 
7f361f000000-7f361f200000 rw-p 00000000 00:00 0 
7f361f200000-7f361f400000 rw-p 00000000 00:00 0 
7f361f400000-7f361f600000 rw-p 00000000 00:00 0 
7f361f600000-7f361f800000 rw-p 00000000 00:00 0 
7f361f800000-7f361fa00000 rw-p 00000000 00:00 0 
7f361fa00000-7f361fc00000 rw-p 00000000 00:00 0 
7f361fc00000-7f361fe00000 rw-p 00000000 00:00 0 
7f361fe00000-7f3620000000 rw-p 00000000 00:00 0 
7f3620000000-7f3620021000 rw-p 00000000 00:00 0 
7f3620021000-7f3624000000 ---p 00000000 00:00 0 
7f3624000000-7f3624021000 rw-p 00000000 00:00 0 
7f3624021000-7f3628000000 ---p 00000000 00:00 0 
7f3628000000-7f3628021000 rw-p 00000000 00:00 0 
7f3628021000-7f362c000000 ---p 00000000 00:00 0 
7f362c000000-7f362c2ce000 rw-p 00000000 00:00 0 
7f362c2ce000-7f3630000000 ---p 00000000 00:00 0 
7f3630000000-7f36311d4000 rw-p 00000000 00:00 0 
7f36311d4000-7f3634000000 ---p 00000000 00:00 0 
7f3634000000-7f3634021000 rw-p 00000000 00:00 0 
7f3634021000-7f3638000000 ---p 00000000 00:00 0 
7f3638000000-7f3638021000 rw-p 00000000 00:00 0 
7f3638021000-7f363c000000 ---p 00000000 00:00 0 
7f363c000000-7f363d739000 rw-p 00000000 00:00 0 
7f363d739000-7f3640000000 ---p 00000000 00:00 0 
7f3640000000-7f3640021000 rw-p 00000000 00:00 0 
7f3640021000-7f3644000000 ---p 00000000 00:00 0 
7f3644000000-7f3644021000 rw-p 00000000 00:00 0 
7f3644021000-7f3648000000 ---p 00000000 00:00 0 
7f3648041000-7f3648044000 ---p 00000000 00:00 0 
7f3648044000-7f3648142000 rw-p 00000000 00:00 0                          [stack:32408]
7f3648142000-7f3648144000 r--s 0001a000 08:01 9438125                    /usr/lib/jvm/jdk1.8.0_25/jre/lib/jce.jar
7f3648144000-7f3648157000 r--s 00344000 08:01 9438234                    /usr/lib/jvm/jdk1.8.0_25/jre/lib/resources.jar
7f3648158000-7f3648358000 rw-p 00000000 00:00 0 
7f3648358000-7f3648558000 rw-p 00000000 00:00 0 
7f3648558000-7f3648758000 rw-p 00000000 00:00 0 
7f3648758000-7f3648760000 r-xp 00000000 08:01 9438147                    /usr/lib/jvm/jdk1.8.0_25/jre/lib/amd64/libmanagement.so
7f3648760000-7f3648960000 ---p 00008000 08:01 9438147                    /usr/lib/jvm/jdk1.8.0_25/jre/lib/amd64/libmanagement.so
7f3648960000-7f3648961000 rw-p 00008000 08:01 9438147                    /usr/lib/jvm/jdk1.8.0_25/jre/lib/amd64/libmanagement.so
7f3648965000-7f3648967000 r--s 00005000 08:01 5640876                    /home/sprydev5/Desktop/android-studio/gradle/m2repository/org/abego/treelayout/org.abego.treelayout.core/1.0.1/org.abego.treelayout.core-1.0.1.jar
7f3648968000-7f3648970000 r--s 000a8000 08:01 11929214                   /home/sprydev5/Desktop/android-studio/gradle/m2repository/com/android/tools/external/lombok/lombok-ast/0.2.3/lombok-ast-0.2.3.jar
7f3648974000-7f3648975000 r--s 00004000 08:01 5767377                    /home/sprydev5/Desktop/android-studio/gradle/m2repository/com/intellij/annotations/12.0/annotations-12.0.jar
7f3648977000-7f364897b000 r--s 00037000 08:01 5640858                    /home/sprydev5/Desktop/android-studio/gradle/m2repository/org/antlr/ST4/4.0.8/ST4-4.0.8.jar
7f364897e000-7f3648981000 r--s 00026000 08:01 5640870                    /home/sprydev5/Desktop/android-studio/gradle/m2repository/org/antlr/antlr-runtime/3.5.2/antlr-runtime-3.5.2.jar
7f3648982000-7f3648983000 r--s 00002000 08:01 5767242                    /home/sprydev5/Desktop/android-studio/gradle/m2repository/com/tunnelvisionlabs/antlr4-annotations/4.5/antlr4-annotations-4.5.jar
7f364898a000-7f3648991000 r--s 00062000 08:01 5767229                    /home/sprydev5/Desktop/android-studio/gradle/m2repository/com/tunnelvisionlabs/antlr4-runtime/4.5/antlr4-runtime-4.5.jar
7f3648998000-7f364899b000 r--s 00030000 08:01 6168563                    /home/sprydev5/Desktop/android-studio/gradle/m2repository/com/android/tools/lint/lint-api/25.1.2/lint-api-25.1.2.jar
7f364899c000-7f364899d000 r--s 00004000 08:01 11669787                   /home/sprydev5/Desktop/android-studio/gradle/m2repository/org/ow2/asm/asm-analysis/5.0.3/asm-analysis-5.0.3.jar
7f364899e000-7f36489a2000 r--s 00026000 08:01 20595368                   /home/sprydev5/Desktop/android-studio/gradle/m2repository/com/android/tools/repository/25.1.2/repository-25.1.2.jar
7f36489a4000-7f36489a7000 r--s 00014000 08:01 6168345                    /home/sprydev5/Desktop/android-studio/gradle/m2repository/com/android/tools/layoutlib/layoutlib-api/25.1.2/layoutlib-api-25.1.2.jar
7f36489ab000-7f36489b2000 r--s 00053000 08:01 5642245                    /home/sprydev5/Desktop/android-studio/gradle/m2repository/org/apache/commons/commons-compress/1.8.1/commons-compress-1.8.1.jar
7f36489b5000-7f36489b7000 r--s 00005000 08:01 5642222                    /home/sprydev5/Desktop/android-studio/gradle/m2repository/org/apache/httpcomponents/httpmime/4.1/httpmime-4.1.jar
7f36489bd000-7f36489be000 r--s 00005000 08:01 6168553                    /home/sprydev5/Desktop/android-studio/gradle/m2repository/com/android/tools/dvlib/25.1.2/dvlib-25.1.2.jar
7f36489c2000-7f36489c7000 r--s 0002a000 08:01 11800456                   /home/sprydev5/Desktop/android-studio/gradle/m2repository/com/google/code/gson/gson/2.2.4/gson-2.2.4.jar
7f36489ca000-7f36489cb000 r--s 0000a000 08:01 5642293                    /home/sprydev5/Desktop/android-studio/gradle/m2repository/net/sf/kxml/kxml2/2.3.0/kxml2-2.3.0.jar
7f36489d2000-7f36489d3000 r--s 00002000 08:01 6168227                    /home/sprydev5/Desktop/android-studio/gradle/m2repository/com/android/databinding/baseLibrary/2.1.2/baseLibrary-2.1.2.jar
7f36489da000-7f36489de000 r--s 0002a000 08:01 5374839                    /home/sprydev5/Desktop/android-studio/gradle/m2repository/commons-io/commons-io/2.4/commons-io-2.4.jar
7f36489e1000-7f36489eb000 r--s 00099000 08:01 5767235                    /home/sprydev5/Desktop/android-studio/gradle/m2repository/com/tunnelvisionlabs/antlr4/4.5/antlr4-4.5.jar
7f36489eb000-7f36489ee000 r--s 00033000 08:01 5767251                    /home/sprydev5/Desktop/android-studio/gradle/m2repository/com/googlecode/juniversalchardet/juniversalchardet/1.0.3/juniversalchardet-1.0.3.jar
7f36489f3000-7f3648a05000 r--s 00223000 08:01 5640839                    /home/sprydev5/Desktop/android-studio/gradle/m2repository/org/eclipse/jdt/core/compiler/ecj/4.4.2/ecj-4.4.2.jar
7f3648a06000-7f3648a0d000 r--s 000be000 08:01 6168556                    /home/sprydev5/Desktop/android-studio/gradle/m2repository/com/android/tools/lint/lint-checks/25.1.2/lint-checks-25.1.2.jar
7f3648a0e000-7f3648a1e000 r--s 000d6000 08:01 5767380                    /home/sprydev5/Desktop/android-studio/gradle/m2repository/net/sf/proguard/proguard-base/5.2.1/proguard-base-5.2.1.jar
7f3648a21000-7f3648a22000 r--s 00001000 08:01 20595357                   /home/sprydev5/Desktop/android-studio/gradle/m2repository/com/android/tools/annotations/25.1.2/annotations-25.1.2.jar
7f3648a29000-7f3648a54000 r--s 001f9000 08:01 5642304                    /home/sprydev5/Desktop/android-studio/gradle/m2repository/com/google/guava/guava/17.0/guava-17.0.jar
7f3648a59000-7f3648a67000 r--s 00081000 08:01 5642203                    /home/sprydev5/Desktop/android-studio/gradle/m2repository/org/bouncycastle/bcpkix-jdk15on/1.48/bcpkix-jdk15on-1.48.jar
7f3648a68000-7f3648a70000 r--s 00078000 08:01 6168565                    /home/sprydev5/Desktop/android-studio/gradle/m2repository/com/android/tools/sdklib/25.1.2/sdklib-25.1.2.jar
7f3648a72000-7f3648a78000 r--s 0004a000 08:01 6168550                    /home/sprydev5/Desktop/android-studio/gradle/m2repository/com/android/tools/ddms/ddmlib/25.1.2/ddmlib-25.1.2.jar
7f3648a79000-7f3648a7a000 r--s 00001000 08:01 6168570                    /home/sprydev5/Desktop/android-studio/gradle/m2repository/com/android/tools/jill/jill-api/0.10.0/jill-api-0.10.0.jar
7f3648a7d000-7f3648a7f000 r--s 00005000 08:01 6168281                    /home/sprydev5/Desktop/android-studio/gradle/m2repository/com/android/tools/build/builder-model/2.1.2/builder-model-2.1.2.jar
7f3648a82000-7f3648a83000 r--s 00002000 08:01 6168235                    /home/sprydev5/Desktop/android-studio/gradle/m2repository/com/android/tools/build/builder-test-api/2.1.2/builder-test-api-2.1.2.jar
7f3648a88000-7f3648a8b000 r--s 00028000 08:01 6168238                    /home/sprydev5/Desktop/android-studio/gradle/m2repository/com/android/tools/build/manifest-merger/25.1.2/manifest-merger-25.1.2.jar
7f3648a92000-7f3648a94000 r--s 00002000 08:01 5642311                    /home/sprydev5/Desktop/android-studio/gradle/m2repository/com/squareup/javawriter/2.5.0/javawriter-2.5.0.jar
7f3648a96000-7f3648a98000 r--s 00006000 08:01 11669799                   /home/sprydev5/Desktop/android-studio/gradle/m2repository/org/ow2/asm/asm-tree/5.0.3/asm-tree-5.0.3.jar
7f3648a9c000-7f3648aa4000 r--s 0007c000 08:01 6168547                    /home/sprydev5/Desktop/android-studio/gradle/m2repository/com/android/tools/sdk-common/25.1.2/sdk-common-25.1.2.jar
7f3648aab000-7f3648ade000 r--s 00203000 08:01 5642194                    /home/sprydev5/Desktop/android-studio/gradle/m2repository/org/bouncycastle/bcprov-jdk15on/1.48/bcprov-jdk15on-1.48.jar
7f3648ae3000-7f3648ae5000 r--s 00003000 08:01 6033194                    /home/sprydev5/Desktop/android-studio/gradle/m2repository/com/android/tools/jack/jack-api/0.10.0/jack-api-0.10.0.jar
7f3648ae8000-7f3648aea000 r--s 00018000 08:01 6168569                    /home/sprydev5/Desktop/android-studio/gradle/m2repository/com/android/tools/common/25.1.2/common-25.1.2.jar
7f3648af0000-7f3648af5000 r--s 00058000 08:01 5767213                    /home/sprydev5/Desktop/android-studio/gradle/m2repository/org/ow2/asm/asm-debug-all/5.0.1/asm-debug-all-5.0.1.jar
7f3648afb000-7f3648aff000 r--s 0002b000 08:01 6168230                    /home/sprydev5/Desktop/android-studio/gradle/m2repository/com/android/databinding/compilerCommon/2.1.2/compilerCommon-2.1.2.jar
7f3648b03000-7f3648b05000 r--s 00023000 08:01 6168560                    /home/sprydev5/Desktop/android-studio/gradle/m2repository/com/android/tools/lint/lint/25.1.2/lint-25.1.2.jar
7f3648b0c000-7f3648b0d000 r--s 0000c000 08:01 11669793                   /home/sprydev5/Desktop/android-studio/gradle/m2repository/org/ow2/asm/asm/5.0.3/asm-5.0.3.jar
7f3648b12000-7f3648b13000 r--s 00002000 08:01 5767384                    /home/sprydev5/Desktop/android-studio/gradle/m2repository/net/sf/proguard/proguard-gradle/5.2.1/proguard-gradle-5.2.1.jar
7f3648b1a000-7f3648b1b000 r--s 00002000 08:01 20595362                   /home/sprydev5/Desktop/android-studio/gradle/m2repository/com/android/tools/build/gradle-api/2.1.2/gradle-api-2.1.2.jar
7f3648b21000-7f3648b23000 r--s 00009000 08:01 6705731                    /home/sprydev5/Desktop/android-studio/gradle/m2repository/org/ow2/asm/asm-commons/5.0.3/asm-commons-5.0.3.jar
7f3648b28000-7f3648b3c000 r--s 00130000 08:01 6168233                    /home/sprydev5/Desktop/android-studio/gradle/m2repository/com/android/tools/build/builder/2.1.2/builder-2.1.2.jar
7f3648b3d000-7f3648b55000 r--s 00115000 08:01 8798487                    /home/sprydev5/.gradle/caches/modules-2/files-2.1/xerces/xercesImpl/2.9.1/1136d197e2755bbde296ceee217ec5fe2917477b/xercesImpl-2.9.1.jar
7f3648b56000-7f3648d56000 rw-p 00000000 00:00 0 
7f3648d56000-7f3648f56000 rw-p 00000000 00:00 0 
7f3648f56000-7f3649156000 rw-p 00000000 00:00 0 
7f3649156000-7f3649356000 rw-p 00000000 00:00 0 
7f3649356000-7f3649556000 rw-p 00000000 00:00 0 
7f3649558000-7f3649559000 r--s 00000000 08:01 6956347                    /home/sprydev5/Desktop/android-studio/gradle/m2repository/com/android/tools/build/transform-api/2.0.0-deprecated-use-gradle-api/transform-api-2.0.0-deprecated-use-gradle-api.jar
7f364955e000-7f3649562000 r--s 0001e000 08:01 5640842                    /home/sprydev5/Desktop/android-studio/gradle/m2repository/org/jacoco/org.jacoco.core/0.7.4.201502262128/org.jacoco.core-0.7.4.201502262128.jar
7f3649563000-7f3649566000 r--s 00013000 08:01 8798486                    /home/sprydev5/.gradle/caches/modules-2/files-2.1/net.sf.ezmorph/ezmorph/1.0.6/1e55d2a0253ea37745d33062852fd2c90027432/ezmorph-1.0.6.jar
7f364956c000-7f3649570000 r--s 0003c000 08:01 8798485                    /home/sprydev5/.gradle/caches/modules-2/files-2.1/commons-lang/commons-lang/2.4/16313e02a793435009f1e458fa4af5d879f6fb11/commons-lang-2.4.jar
7f3649577000-7f3649585000 r--s 0007f000 08:01 8798484                    /home/sprydev5/.gradle/caches/modules-2/files-2.1/commons-collections/commons-collections/3.2.1/761ea405b9b37ced573d2df0d1e3a4e0f9edc668/commons-collections-3.2.1.jar
7f364958c000-7f3649591000 r--s 00034000 08:01 8798483                    /home/sprydev5/.gradle/caches/modules-2/files-2.1/commons-beanutils/commons-beanutils/1.8.0/c651d5103c649c12b20d53731643e5fffceb536/commons-beanutils-1.8.0.jar
7f3649593000-7f3649599000 r--s 00033000 08:01 8798482                    /home/sprydev5/.gradle/caches/modules-2/files-2.1/commons-codec/commons-codec/1.6/b7f0fc8f61ecadeb3695f0b9464755eee44374d4/commons-codec-1.6.jar
7f364959d000-7f364959f000 r--s 0000d000 08:01 5642267                    /home/sprydev5/Desktop/android-studio/gradle/m2repository/commons-logging/commons-logging/1.1.1/commons-logging-1.1.1.jar
7f36495a1000-7f36495a7000 r--s 00031000 08:01 8798481                    /home/sprydev5/.gradle/caches/modules-2/files-2.1/org.apache.httpcomponents/httpcore/4.2.1/2d503272bf0a8b5f92d64db78b4ba9abbaccc6fd/httpcore-4.2.1.jar
7f36495ab000-7f36495ad000 r--s 00013000 08:01 8798480                    /home/sprydev5/.gradle/caches/modules-2/files-2.1/xml-resolver/xml-resolver/1.2/3d0f97750b3a03e0971831566067754ba4bfd68c/xml-resolver-1.2.jar
7f36495b4000-7f36495b7000 r--s 0001c000 08:01 8798479                    /home/sprydev5/.gradle/caches/modules-2/files-2.1/net.sourceforge.nekohtml/nekohtml/1.9.16/61e35204e5a8fdb864152f84e2e3b33ab56f50ab/nekohtml-1.9.16.jar
7f36495ba000-7f36495be000 r--s 00022000 08:01 8798478                    /home/sprydev5/.gradle/caches/modules-2/files-2.1/net.sf.json-lib/json-lib/2.3/f35340c0a0380141f62c72b76c8fb4bfa638d8c1/json-lib-2.3-jdk15.jar
7f36495bf000-7f36495c9000 r--s 0005f000 08:01 8798477                    /home/sprydev5/.gradle/caches/modules-2/files-2.1/org.apache.httpcomponents/httpclient/4.2.1/b69bd03af60bf487b3ae1209a644ecac587bf6fc/httpclient-4.2.1.jar
7f36495ce000-7f36495d1000 r--s 00026000 08:01 8798476                    /home/sprydev5/.gradle/caches/modules-2/files-2.1/org.codehaus.groovy.modules.http-builder/http-builder/0.7.2/323092cd786480311c1cf693770f9e6fc20a8bef/http-builder-0.7.2.jar
7f36495d4000-7f36495f0000 r--s 0017c000 08:01 20595366                   /home/sprydev5/Desktop/android-studio/gradle/m2repository/com/android/tools/build/gradle-core/2.1.2/gradle-core-2.1.2.jar
7f36495f0000-7f36495f2000 r--s 00010000 08:01 8798333                    /home/sprydev5/.gradle/caches/modules-2/files-2.1/com.bmuschko/gradle-nexus-plugin/2.3.1/6f452999a058f05f2c3c4753b9dedf60f64780ee/gradle-nexus-plugin-2.3.1.jar
7f36495f2000-7f36495f3000 r--s 00002000 08:01 8798475                    /home/sprydev5/.gradle/caches/modules-2/files-2.1/com.github.dcendents/android-maven-gradle-plugin/1.3/56f44bee48445bcb6b1f1e0f04576de3fee13426/android-maven-gradle-plugin-1.3.jar
7f36495f8000-7f36495fb000 r--s 00028000 08:01 8798474                    /home/sprydev5/.gradle/caches/modules-2/files-2.1/com.jfrog.bintray.gradle/gradle-bintray-plugin/1.4/c9c2779b543eec72706349967debdeeefd0be46f/gradle-bintray-plugin-1.4.jar
7f36495fb000-7f36495fc000 r--s 00003000 08:01 8798473                    /home/sprydev5/.gradle/caches/modules-2/files-2.1/com.google.gms/google-services/1.3.0-beta1/4db7489e188544e5fa7a6cfa16a42f5c2b5fc93/google-services-1.3.0-beta1.jar
7f36495fc000-7f36495fe000 r--s 0000c000 08:01 6168340                    /home/sprydev5/Desktop/android-studio/gradle/m2repository/com/android/tools/build/gradle/2.1.2/gradle-2.1.2.jar
7f3649605000-7f3649608000 ---p 00000000 00:00 0 
7f3649608000-7f3649706000 rw-p 00000000 00:00 0                          [stack:32315]
7f3649706000-7f3649709000 ---p 00000000 00:00 0 
7f3649709000-7f364993f000 rw-p 00000000 00:00 0                          [stack:32311]
7f364993f000-7f3649b3f000 rw-p 00000000 00:00 0 
7f3649b3f000-7f3649bb8000 r--s 010df000 08:01 9307988                    /usr/lib/jvm/jdk1.8.0_25/lib/tools.jar
7f3649bbf000-7f3649bc2000 ---p 00000000 00:00 0 
7f3649bc2000-7f3649cc0000 rw-p 00000000 00:00 0 
7f3649cc0000-7f3649cc7000 r--s 00000000 08:01 6954718                    /usr/lib/x86_64-linux-gnu/gconv/gconv-modules.cache
7f3649cce000-7f3649cd1000 ---p 00000000 00:00 0 
7f3649cd1000-7f3649fcf000 rw-p 00000000 00:00 0                          [stack:32255]
7f3649fcf000-7f3649fd2000 ---p 00000000 00:00 0 
7f3649fd2000-7f364a0d0000 rw-p 00000000 00:00 0                          [stack:32254]
7f364a0d0000-7f364a0d3000 ---p 00000000 00:00 0 
7f364a0d3000-7f364a1d1000 rw-p 00000000 00:00 0                          [stack:32253]
7f364a1d1000-7f364a1d4000 ---p 00000000 00:00 0 
7f364a1d4000-7f364a2d2000 rw-p 00000000 00:00 0                          [stack:32252]
7f364a2d2000-7f364a2d5000 ---p 00000000 00:00 0 
7f364a2d5000-7f364a3d3000 rw-p 00000000 00:00 0                          [stack:32251]
7f364a3d3000-7f364a3d7000 r--s 00093000 08:01 9438208                    /usr/lib/jvm/jdk1.8.0_25/jre/lib/jsse.jar
7f364a3de000-7f364a3e8000 r--s 00116000 08:01 9438214                    /usr/lib/jvm/jdk1.8.0_25/jre/lib/ext/localedata.jar
7f364a3eb000-7f364a407000 r--s 00393000 08:01 9438220                    /usr/lib/jvm/jdk1.8.0_25/jre/lib/ext/cldrdata.jar
7f364a40d000-7f364a40f000 r--s 00005000 08:01 16652920                   /home/sprydev5/.gradle/wrapper/dists/gradle-2.10-all/a4w5fzrkeut1ox71xslb49gst/gradle-2.10/lib/plugins/gradle-tooling-api-builders-2.10.jar
7f364a410000-7f364a420000 r--s 00088000 08:01 16652952                   /home/sprydev5/.gradle/wrapper/dists/gradle-2.10-all/a4w5fzrkeut1ox71xslb49gst/gradle-2.10/lib/plugins/joda-time-2.8.2.jar
7f364a427000-7f364a438000 r--s 000cf000 08:01 16652951                   /home/sprydev5/.gradle/wrapper/dists/gradle-2.10-all/a4w5fzrkeut1ox71xslb49gst/gradle-2.10/lib/plugins/jackson-databind-2.3.2.jar
7f364a43f000-7f364a441000 r--s 00007000 08:01 16652950                   /home/sprydev5/.gradle/wrapper/dists/gradle-2.10-all/a4w5fzrkeut1ox71xslb49gst/gradle-2.10/lib/plugins/jackson-annotations-2.3.2.jar
7f364a446000-7f364a449000 r--s 0002e000 08:01 16652949                   /home/sprydev5/.gradle/wrapper/dists/gradle-2.10-all/a4w5fzrkeut1ox71xslb49gst/gradle-2.10/lib/plugins/jackson-core-2.3.2.jar
7f364a44b000-7f364a456000 r--s 0006b000 08:01 16652948                   /home/sprydev5/.gradle/wrapper/dists/gradle-2.10-all/a4w5fzrkeut1ox71xslb49gst/gradle-2.10/lib/plugins/aws-java-sdk-core-1.9.19.jar
7f364a456000-7f364a45c000 r--s 00036000 08:01 16652947                   /home/sprydev5/.gradle/wrapper/dists/gradle-2.10-all/a4w5fzrkeut1ox71xslb49gst/gradle-2.10/lib/plugins/aws-java-sdk-kms-1.9.19.jar
7f364a461000-7f364a46c000 r--s 00079000 08:01 16652946                   /home/sprydev5/.gradle/wrapper/dists/gradle-2.10-all/a4w5fzrkeut1ox71xslb49gst/gradle-2.10/lib/plugins/aws-java-sdk-s3-1.9.19.jar
7f364a473000-7f364a474000 r--s 00003000 08:01 16652919                   /home/sprydev5/.gradle/wrapper/dists/gradle-2.10-all/a4w5fzrkeut1ox71xslb49gst/gradle-2.10/lib/plugins/gradle-resources-s3-2.10.jar
7f364a474000-7f364a475000 r--s 00004000 08:01 16652918                   /home/sprydev5/.gradle/wrapper/dists/gradle-2.10-all/a4w5fzrkeut1ox71xslb49gst/gradle-2.10/lib/plugins/gradle-resources-sftp-2.10.jar
7f364a479000-7f364a47a000 r--s 00001000 08:01 16652915                   /home/sprydev5/.gradle/wrapper/dists/gradle-2.10-all/a4w5fzrkeut1ox71xslb49gst/gradle-2.10/lib/plugins/gradle-plugin-development-2.10.jar
7f364a47d000-7f364a47f000 r--s 00005000 08:01 16652914                   /home/sprydev5/.gradle/wrapper/dists/gradle-2.10-all/a4w5fzrkeut1ox71xslb49gst/gradle-2.10/lib/plugins/gradle-testing-native-2.10.jar
7f364a483000-7f364a488000 r--s 0002b000 08:01 16652913                   /home/sprydev5/.gradle/wrapper/dists/gradle-2.10-all/a4w5fzrkeut1ox71xslb49gst/gradle-2.10/lib/plugins/gradle-ide-native-2.10.jar
7f364a48a000-7f364a48f000 r--s 0001a000 08:01 16652912                   /home/sprydev5/.gradle/wrapper/dists/gradle-2.10-all/a4w5fzrkeut1ox71xslb49gst/gradle-2.10/lib/plugins/gradle-language-native-2.10.jar
7f364a490000-7f364a495000 r--s 00028000 08:01 16652911                   /home/sprydev5/.gradle/wrapper/dists/gradle-2.10-all/a4w5fzrkeut1ox71xslb49gst/gradle-2.10/lib/plugins/gradle-platform-play-2.10.jar
7f364a497000-7f364a4a4000 r--s 0004f000 08:01 16652910                   /home/sprydev5/.gradle/wrapper/dists/gradle-2.10-all/a4w5fzrkeut1ox71xslb49gst/gradle-2.10/lib/plugins/gradle-platform-native-2.10.jar
7f364a4a8000-7f364a4ab000 r--s 00008000 08:01 16652909                   /home/sprydev5/.gradle/wrapper/dists/gradle-2.10-all/a4w5fzrkeut1ox71xslb49gst/gradle-2.10/lib/plugins/gradle-language-scala-2.10.jar
7f364a4b1000-7f364a4b3000 r--s 00009000 08:01 16652908                   /home/sprydev5/.gradle/wrapper/dists/gradle-2.10-all/a4w5fzrkeut1ox71xslb49gst/gradle-2.10/lib/plugins/gradle-language-groovy-2.10.jar
7f364a4b3000-7f364a4b9000 r--s 00023000 08:01 16652907                   /home/sprydev5/.gradle/wrapper/dists/gradle-2.10-all/a4w5fzrkeut1ox71xslb49gst/gradle-2.10/lib/plugins/gradle-language-java-2.10.jar
7f364a4c0000-7f364a4c2000 r--s 00008000 08:01 16652906                   /home/sprydev5/.gradle/wrapper/dists/gradle-2.10-all/a4w5fzrkeut1ox71xslb49gst/gradle-2.10/lib/plugins/gradle-language-jvm-2.10.jar
7f364a4c5000-7f364a4c8000 r--s 00015000 08:01 16652905                   /home/sprydev5/.gradle/wrapper/dists/gradle-2.10-all/a4w5fzrkeut1ox71xslb49gst/gradle-2.10/lib/plugins/gradle-platform-jvm-2.10.jar
7f364a4cb000-7f364a4d3000 r--s 0002b000 08:01 16652904                   /home/sprydev5/.gradle/wrapper/dists/gradle-2.10-all/a4w5fzrkeut1ox71xslb49gst/gradle-2.10/lib/plugins/gradle-platform-base-2.10.jar
7f364a4d8000-7f364a4dc000 r--s 00020000 08:01 16652903                   /home/sprydev5/.gradle/wrapper/dists/gradle-2.10-all/a4w5fzrkeut1ox71xslb49gst/gradle-2.10/lib/plugins/gradle-build-init-2.10.jar
7f364a4df000-7f364a4e2000 r--s 00017000 08:01 16652902                   /home/sprydev5/.gradle/wrapper/dists/gradle-2.10-all/a4w5fzrkeut1ox71xslb49gst/gradle-2.10/lib/plugins/gradle-jacoco-2.10.jar
7f364a4e6000-7f364a4e9000 r--s 0000e000 08:01 16652901                   /home/sprydev5/.gradle/wrapper/dists/gradle-2.10-all/a4w5fzrkeut1ox71xslb49gst/gradle-2.10/lib/plugins/gradle-ivy-2.10.jar
7f364a4ea000-7f364a4ec000 r--s 00002000 08:01 16652900                   /home/sprydev5/.gradle/wrapper/dists/gradle-2.10-all/a4w5fzrkeut1ox71xslb49gst/gradle-2.10/lib/plugins/gradle-publish-2.10.jar
7f364a4ed000-7f364a4ef000 r--s 00005000 08:01 16652942                   /home/sprydev5/.gradle/wrapper/dists/gradle-2.10-all/a4w5fzrkeut1ox71xslb49gst/gradle-2.10/lib/plugins/jatl-0.2.2.jar
7f364a4ef000-7f364a4f1000 r--s 0000f000 08:01 16652899                   /home/sprydev5/.gradle/wrapper/dists/gradle-2.10-all/a4w5fzrkeut1ox71xslb49gst/gradle-2.10/lib/plugins/gradle-reporting-2.10.jar
7f364a4f6000-7f364a4fc000 r--s 00036000 08:01 16652898                   /home/sprydev5/.gradle/wrapper/dists/gradle-2.10-all/a4w5fzrkeut1ox71xslb49gst/gradle-2.10/lib/plugins/gradle-diagnostics-2.10.jar
7f364a4ff000-7f364a506000 r--s 0008f000 08:01 16652897                   /home/sprydev5/.gradle/wrapper/dists/gradle-2.10-all/a4w5fzrkeut1ox71xslb49gst/gradle-2.10/lib/plugins/gradle-build-comparison-2.10.jar
7f364a50d000-7f364a514000 r--s 00035000 08:01 16652941                   /home/sprydev5/.gradle/wrapper/dists/gradle-2.10-all/a4w5fzrkeut1ox71xslb49gst/gradle-2.10/lib/plugins/simple-4.1.21.jar
7f364a518000-7f364a524000 r--s 00100000 08:01 16652939                   /home/sprydev5/.gradle/wrapper/dists/gradle-2.10-all/a4w5fzrkeut1ox71xslb49gst/gradle-2.10/lib/plugins/rhino-1.7R3.jar
7f364a524000-7f364a528000 r--s 0001c000 08:01 16652896                   /home/sprydev5/.gradle/wrapper/dists/gradle-2.10-all/a4w5fzrkeut1ox71xslb49gst/gradle-2.10/lib/plugins/gradle-javascript-2.10.jar
7f364a52b000-7f364a52d000 r--s 0000b000 08:01 16652895                   /home/sprydev5/.gradle/wrapper/dists/gradle-2.10-all/a4w5fzrkeut1ox71xslb49gst/gradle-2.10/lib/plugins/gradle-ear-2.10.jar
7f364a530000-7f364a537000 r--s 00038000 08:01 16652938                   /home/sprydev5/.gradle/wrapper/dists/gradle-2.10-all/a4w5fzrkeut1ox71xslb49gst/gradle-2.10/lib/plugins/bcpg-jdk15on-1.51.jar
7f364a537000-7f364a539000 r--s 00017000 08:01 16652894                   /home/sprydev5/.gradle/wrapper/dists/gradle-2.10-all/a4w5fzrkeut1ox71xslb49gst/gradle-2.10/lib/plugins/gradle-signing-2.10.jar
7f364a53a000-7f364a53b000 r--s 00002000 08:01 16652937                   /home/sprydev5/.gradle/wrapper/dists/gradle-2.10-all/a4w5fzrkeut1ox71xslb49gst/gradle-2.10/lib/plugins/sonar-batch-bootstrapper-2.9.jar
7f364a53d000-7f364a540000 r--s 00015000 08:01 16652893                   /home/sprydev5/.gradle/wrapper/dists/gradle-2.10-all/a4w5fzrkeut1ox71xslb49gst/gradle-2.10/lib/plugins/gradle-sonar-2.10.jar
7f364a540000-7f364a543000 r--s 00010000 08:01 16652892                   /home/sprydev5/.gradle/wrapper/dists/gradle-2.10-all/a4w5fzrkeut1ox71xslb49gst/gradle-2.10/lib/plugins/gradle-scala-2.10.jar
7f364a54a000-7f364a54c000 r--s 0000a000 08:01 16652891                   /home/sprydev5/.gradle/wrapper/dists/gradle-2.10-all/a4w5fzrkeut1ox71xslb49gst/gradle-2.10/lib/plugins/gradle-announce-2.10.jar
7f364a54f000-7f364a55e000 r--s 0009f000 08:01 16652890                   /home/sprydev5/.gradle/wrapper/dists/gradle-2.10-all/a4w5fzrkeut1ox71xslb49gst/gradle-2.10/lib/plugins/gradle-ide-2.10.jar
7f364a564000-7f364a567000 r--s 0000c000 08:01 16652936                   /home/sprydev5/.gradle/wrapper/dists/gradle-2.10-all/a4w5fzrkeut1ox71xslb49gst/gradle-2.10/lib/plugins/pmaven-groovy-0.8-20100325.jar
7f364a56c000-7f364a56d000 r--s 00004000 08:01 16652935                   /home/sprydev5/.gradle/wrapper/dists/gradle-2.10-all/a4w5fzrkeut1ox71xslb49gst/gradle-2.10/lib/plugins/pmaven-common-0.8-20100325.jar
7f364a572000-7f364a578000 r--s 00022000 08:01 16652889                   /home/sprydev5/.gradle/wrapper/dists/gradle-2.10-all/a4w5fzrkeut1ox71xslb49gst/gradle-2.10/lib/plugins/gradle-maven-2.10.jar
7f364a57b000-7f364a59c000 r--s 001c3000 08:01 16652933                   /home/sprydev5/.gradle/wrapper/dists/gradle-2.10-all/a4w5fzrkeut1ox71xslb49gst/gradle-2.10/lib/plugins/bndlib-2.4.0.jar
7f364a59c000-7f364a59e000 r--s 00004000 08:01 16652888                   /home/sprydev5/.gradle/wrapper/dists/gradle-2.10-all/a4w5fzrkeut1ox71xslb49gst/gradle-2.10/lib/plugins/gradle-osgi-2.10.jar
7f364a5a0000-7f364a5a2000 r--s 00008000 08:01 16652887                   /home/sprydev5/.gradle/wrapper/dists/gradle-2.10-all/a4w5fzrkeut1ox71xslb49gst/gradle-2.10/lib/plugins/gradle-antlr-2.10.jar
7f364a5a6000-7f364a5a9000 r--s 0001e000 08:01 16652961                   /home/sprydev5/.gradle/wrapper/dists/gradle-2.10-all/a4w5fzrkeut1ox71xslb49gst/gradle-2.10/lib/plugins/jsp-api-2.1-6.1.14.jar
7f364a5ac000-7f364a5cf000 r--s 00344000 08:01 16652960                   /home/sprydev5/.gradle/wrapper/dists/gradle-2.10-all/a4w5fzrkeut1ox71xslb49gst/gradle-2.10/lib/plugins/core-3.1.1.jar
7f364a5d6000-7f364a5d7000 r--s 00006000 08:01 16652959                   /home/sprydev5/.gradle/wrapper/dists/gradle-2.10-all/a4w5fzrkeut1ox71xslb49gst/gradle-2.10/lib/plugins/jetty-naming-6.1.25.jar
7f364a5da000-7f364a5db000 r--s 00002000 08:01 16652932                   /home/sprydev5/.gradle/wrapper/dists/gradle-2.10-all/a4w5fzrkeut1ox71xslb49gst/gradle-2.10/lib/plugins/geronimo-annotation_1.0_spec-1.0.jar
7f364a5e2000-7f364a5e4000 r--s 00002000 08:01 16652931                   /home/sprydev5/.gradle/wrapper/dists/gradle-2.10-all/a4w5fzrkeut1ox71xslb49gst/gradle-2.10/lib/plugins/jetty-annotations-6.1.25.jar
7f364a5ea000-7f364a5fb000 r--s 000ea000 08:01 16652930                   /home/sprydev5/.gradle/wrapper/dists/gradle-2.10-all/a4w5fzrkeut1ox71xslb49gst/gradle-2.10/lib/plugins/jsp-2.1-6.1.14.jar
7f364a5fd000-7f364a5ff000 r--s 0000d000 08:01 16652929                   /home/sprydev5/.gradle/wrapper/dists/gradle-2.10-all/a4w5fzrkeut1ox71xslb49gst/gradle-2.10/lib/plugins/jetty-plus-6.1.25.jar
7f364a5ff000-7f364a601000 r--s 0001f000 08:01 16652928                   /home/sprydev5/.gradle/wrapper/dists/gradle-2.10-all/a4w5fzrkeut1ox71xslb49gst/gradle-2.10/lib/plugins/servlet-api-2.5-20081211.jar
7f364a608000-7f364a60c000 r--s 00028000 08:01 16652927                   /home/sprydev5/.gradle/wrapper/dists/gradle-2.10-all/a4w5fzrkeut1ox71xslb49gst/gradle-2.10/lib/plugins/jetty-util-6.1.25.jar
7f364a60d000-7f364a614000 r--s 0007d000 08:01 16652926                   /home/sprydev5/.gradle/wrapper/dists/gradle-2.10-all/a4w5fzrkeut1ox71xslb49gst/gradle-2.10/lib/plugins/jetty-6.1.25.jar
7f364a619000-7f364a61b000 r--s 00009000 08:01 16652886                   /home/sprydev5/.gradle/wrapper/dists/gradle-2.10-all/a4w5fzrkeut1ox71xslb49gst/gradle-2.10/lib/plugins/gradle-jetty-2.10.jar
7f364a61f000-7f364a625000 r--s 00037000 08:01 16652885                   /home/sprydev5/.gradle/wrapper/dists/gradle-2.10-all/a4w5fzrkeut1ox71xslb49gst/gradle-2.10/lib/plugins/gradle-code-quality-2.10.jar
7f364a629000-7f364a62b000 r--s 00009000 08:01 16652991                   /home/sprydev5/.gradle/wrapper/dists/gradle-2.10-all/a4w5fzrkeut1ox71xslb49gst/gradle-2.10/lib/plugins/hamcrest-core-1.3.jar
7f364a62b000-7f364a631000 r--s 00033000 08:01 16652958                   /home/sprydev5/.gradle/wrapper/dists/gradle-2.10-all/a4w5fzrkeut1ox71xslb49gst/gradle-2.10/lib/plugins/snakeyaml-1.6.jar
7f364a636000-7f364a638000 r--s 00006000 08:01 16652957                   /home/sprydev5/.gradle/wrapper/dists/gradle-2.10-all/a4w5fzrkeut1ox71xslb49gst/gradle-2.10/lib/plugins/jcommander-1.12.jar
7f364a638000-7f364a63d000 r--s 00040000 08:01 16652956                   /home/sprydev5/.gradle/wrapper/dists/gradle-2.10-all/a4w5fzrkeut1ox71xslb49gst/gradle-2.10/lib/plugins/bsh-2.0b4.jar
7f364a641000-7f364a643000 r--s 00009000 08:01 16652925                   /home/sprydev5/.gradle/wrapper/dists/gradle-2.10-all/a4w5fzrkeut1ox71xslb49gst/gradle-2.10/lib/plugins/commons-cli-1.2.jar
7f364a649000-7f364a652000 r--s 00089000 08:01 16652924                   /home/sprydev5/.gradle/wrapper/dists/gradle-2.10-all/a4w5fzrkeut1ox71xslb49gst/gradle-2.10/lib/plugins/testng-6.3.1.jar
7f364a655000-7f364a65d000 r--s 00045000 08:01 16652923                   /home/sprydev5/.gradle/wrapper/dists/gradle-2.10-all/a4w5fzrkeut1ox71xslb49gst/gradle-2.10/lib/plugins/junit-4.12.jar
7f364a663000-7f364a670000 r--s 00073000 08:01 16652884                   /home/sprydev5/.gradle/wrapper/dists/gradle-2.10-all/a4w5fzrkeut1ox71xslb49gst/gradle-2.10/lib/plugins/gradle-plugins-2.10.jar
7f364a675000-7f364a68d000 r--s 00115000 08:01 16652989                   /home/sprydev5/.gradle/wrapper/dists/gradle-2.10-all/a4w5fzrkeut1ox71xslb49gst/gradle-2.10/lib/plugins/xercesImpl-2.9.1.jar
7f364a690000-7f364a698000 r--s 00028000 08:01 16652990                   /home/sprydev5/.gradle/wrapper/dists/gradle-2.10-all/a4w5fzrkeut1ox71xslb49gst/gradle-2.10/lib/plugins/xml-apis-1.3.04.jar
7f364a69b000-7f364a6a1000 r--s 0005b000 08:01 16652988                   /home/sprydev5/.gradle/wrapper/dists/gradle-2.10-all/a4w5fzrkeut1ox71xslb49gst/gradle-2.10/lib/plugins/jcifs-1.3.17.jar
7f364a6a1000-7f364a6a7000 r--s 00031000 08:01 16652987                   /home/sprydev5/.gradle/wrapper/dists/gradle-2.10-all/a4w5fzrkeut1ox71xslb49gst/gradle-2.10/lib/plugins/httpcore-4.2.2.jar
7f364a6ab000-7f364a6b1000 r--s 00033000 08:01 16652986                   /home/sprydev5/.gradle/wrapper/dists/gradle-2.10-all/a4w5fzrkeut1ox71xslb49gst/gradle-2.10/lib/plugins/commons-codec-1.6.jar
7f364a6b4000-7f364a6b7000 r--s 0001c000 08:01 16652944                   /home/sprydev5/.gradle/wrapper/dists/gradle-2.10-all/a4w5fzrkeut1ox71xslb49gst/gradle-2.10/lib/plugins/nekohtml-1.9.14.jar
7f364a6b8000-7f364a6c1000 r--s 00060000 08:01 16652943                   /home/sprydev5/.gradle/wrapper/dists/gradle-2.10-all/a4w5fzrkeut1ox71xslb49gst/gradle-2.10/lib/plugins/httpclient-4.2.2.jar
7f364a6c1000-7f364a6c3000 r--s 00009000 08:01 16652917                   /home/sprydev5/.gradle/wrapper/dists/gradle-2.10-all/a4w5fzrkeut1ox71xslb49gst/gradle-2.10/lib/plugins/gradle-resources-http-2.10.jar
7f364a6c9000-7f364a6cc000 r--s 00011000 08:01 16652916                   /home/sprydev5/.gradle/wrapper/dists/gradle-2.10-all/a4w5fzrkeut1ox71xslb49gst/gradle-2.10/lib/plugins/gradle-plugin-use-2.10.jar
7f364a6cf000-7f364a6d0000 r--s 00007000 08:01 16652985                   /home/sprydev5/.gradle/wrapper/dists/gradle-2.10-all/a4w5fzrkeut1ox71xslb49gst/gradle-2.10/lib/plugins/wagon-http-shared4-2.4.jar
7f364a6d3000-7f364a6d7000 r--s 00033000 08:01 16652984                   /home/sprydev5/.gradle/wrapper/dists/gradle-2.10-all/a4w5fzrkeut1ox71xslb49gst/gradle-2.10/lib/plugins/plexus-utils-2.0.6.jar
7f364a6d9000-7f364a6dd000 r--s 00021000 08:01 16652983                   /home/sprydev5/.gradle/wrapper/dists/gradle-2.10-all/a4w5fzrkeut1ox71xslb49gst/gradle-2.10/lib/plugins/maven-model-builder-3.0.4.jar
7f364a6e2000-7f364a6e3000 r--s 00002000 08:01 16652982                   /home/sprydev5/.gradle/wrapper/dists/gradle-2.10-all/a4w5fzrkeut1ox71xslb49gst/gradle-2.10/lib/plugins/wagon-file-2.4.jar
7f364a6ea000-7f364a6ec000 r--s 00002000 08:01 16652981                   /home/sprydev5/.gradle/wrapper/dists/gradle-2.10-all/a4w5fzrkeut1ox71xslb49gst/gradle-2.10/lib/plugins/plexus-cipher-1.7.jar
7f364a6f3000-7f364a6f6000 r--s 00013000 08:01 16652980                   /home/sprydev5/.gradle/wrapper/dists/gradle-2.10-all/a4w5fzrkeut1ox71xslb49gst/gradle-2.10/lib/plugins/aether-api-1.13.1.jar
7f364a6fa000-7f364a6fc000 r--s 0000a000 08:01 16652979                   /home/sprydev5/.gradle/wrapper/dists/gradle-2.10-all/a4w5fzrkeut1ox71xslb49gst/gradle-2.10/lib/plugins/maven-settings-3.0.4.jar
7f364a6fd000-7f364a6ff000 r--s 0000d000 08:01 16652978                   /home/sprydev5/.gradle/wrapper/dists/gradle-2.10-all/a4w5fzrkeut1ox71xslb49gst/gradle-2.10/lib/plugins/plexus-interpolation-1.14.jar
7f364a703000-7f364a705000 r--s 0000b000 08:01 16652977                   /home/sprydev5/.gradle/wrapper/dists/gradle-2.10-all/a4w5fzrkeut1ox71xslb49gst/gradle-2.10/lib/plugins/maven-artifact-3.0.4.jar
7f364a706000-7f364a70d000 r--s 0002e000 08:01 16652976                   /home/sprydev5/.gradle/wrapper/dists/gradle-2.10-all/a4w5fzrkeut1ox71xslb49gst/gradle-2.10/lib/plugins/plexus-container-default-1.5.5.jar
7f364a713000-7f364a715000 r--s 0000b000 08:01 16652975                   /home/sprydev5/.gradle/wrapper/dists/gradle-2.10-all/a4w5fzrkeut1ox71xslb49gst/gradle-2.10/lib/plugins/maven-plugin-api-3.0.4.jar
7f364a718000-7f364a71a000 r--s 00000000 08:01 16652992                   /home/sprydev5/.gradle/wrapper/dists/gradle-2.10-all/a4w5fzrkeut1ox71xslb49gst/gradle-2.10/lib/plugins/plexus-component-annotations-1.5.5.jar
7f364a71f000-7f364a725000 r--s 0003f000 08:01 16652974                   /home/sprydev5/.gradle/wrapper/dists/gradle-2.10-all/a4w5fzrkeut1ox71xslb49gst/gradle-2.10/lib/plugins/maven-compat-3.0.4.jar
7f364a728000-7f364a72b000 r--s 00008000 08:01 16652973                   /home/sprydev5/.gradle/wrapper/dists/gradle-2.10-all/a4w5fzrkeut1ox71xslb49gst/gradle-2.10/lib/plugins/maven-settings-builder-3.0.4.jar
7f364a732000-7f364a733000 r--s 00002000 08:01 16652972                   /home/sprydev5/.gradle/wrapper/dists/gradle-2.10-all/a4w5fzrkeut1ox71xslb49gst/gradle-2.10/lib/plugins/wagon-http-2.4.jar
7f364a736000-7f364a738000 r--s 00026000 08:01 16652971                   /home/sprydev5/.gradle/wrapper/dists/gradle-2.10-all/a4w5fzrkeut1ox71xslb49gst/gradle-2.10/lib/plugins/maven-model-3.0.4.jar
7f364a73e000-7f364a740000 r--s 00006000 08:01 16652970                   /home/sprydev5/.gradle/wrapper/dists/gradle-2.10-all/a4w5fzrkeut1ox71xslb49gst/gradle-2.10/lib/plugins/aether-connector-wagon-1.13.1.jar
7f364a742000-7f364a744000 r--s 0000a000 08:01 16652969                   /home/sprydev5/.gradle/wrapper/dists/gradle-2.10-all/a4w5fzrkeut1ox71xslb49gst/gradle-2.10/lib/plugins/plexus-classworlds-2.4.jar
7f364a746000-7f364a748000 r--s 00006000 08:01 16652968                   /home/sprydev5/.gradle/wrapper/dists/gradle-2.10-all/a4w5fzrkeut1ox71xslb49gst/gradle-2.10/lib/plugins/maven-repository-metadata-3.0.4.jar
7f364a74c000-7f364a74e000 r--s 0000c000 08:01 16652967                   /home/sprydev5/.gradle/wrapper/dists/gradle-2.10-all/a4w5fzrkeut1ox71xslb49gst/gradle-2.10/lib/plugins/maven-aether-provider-3.0.4.jar
7f364a753000-7f364a755000 r--s 0000b000 08:01 16652966                   /home/sprydev5/.gradle/wrapper/dists/gradle-2.10-all/a4w5fzrkeut1ox71xslb49gst/gradle-2.10/lib/plugins/wagon-provider-api-2.4.jar
7f364a75b000-7f364a75c000 r--s 00003000 08:01 16652965                   /home/sprydev5/.gradle/wrapper/dists/gradle-2.10-all/a4w5fzrkeut1ox71xslb49gst/gradle-2.10/lib/plugins/aether-spi-1.13.1.jar
7f364a75c000-7f364a760000 r--s 0001c000 08:01 16652964                   /home/sprydev5/.gradle/wrapper/dists/gradle-2.10-all/a4w5fzrkeut1ox71xslb49gst/gradle-2.10/lib/plugins/aether-util-1.13.1.jar
7f364a765000-7f364a768000 r--s 0001d000 08:01 16652963                   /home/sprydev5/.gradle/wrapper/dists/gradle-2.10-all/a4w5fzrkeut1ox71xslb49gst/gradle-2.10/lib/plugins/aether-impl-1.13.1.jar
7f364a76e000-7f364a76f000 r--s 00006000 08:01 16652962                   /home/sprydev5/.gradle/wrapper/dists/gradle-2.10-all/a4w5fzrkeut1ox71xslb49gst/gradle-2.10/lib/plugins/plexus-sec-dispatcher-1.3.jar
7f364a770000-7f364a775000 r--s 00040000 08:01 16652945                   /home/sprydev5/.gradle/wrapper/dists/gradle-2.10-all/a4w5fzrkeut1ox71xslb49gst/gradle-2.10/lib/plugins/jsch-0.1.53.jar
7f364a777000-7f364a7b7000 r--s 00277000 08:01 16652955                   /home/sprydev5/.gradle/wrapper/dists/gradle-2.10-all/a4w5fzrkeut1ox71xslb49gst/gradle-2.10/lib/plugins/bcprov-jdk15on-1.51.jar
7f364a7bd000-7f364a7c1000 r--s 0001d000 08:01 16652954                   /home/sprydev5/.gradle/wrapper/dists/gradle-2.10-all/a4w5fzrkeut1ox71xslb49gst/gradle-2.10/lib/plugins/xbean-reflect-3.4.jar
7f364a7c5000-7f364a7d1000 r--s 0007d000 08:01 16652934                   /home/sprydev5/.gradle/wrapper/dists/gradle-2.10-all/a4w5fzrkeut1ox71xslb49gst/gradle-2.10/lib/plugins/maven-core-3.0.4.jar
7f364a7d2000-7f364a7d7000 r--s 0002a000 08:01 16652940                   /home/sprydev5/.gradle/wrapper/dists/gradle-2.10-all/a4w5fzrkeut1ox71xslb49gst/gradle-2.10/lib/plugins/gson-2.2.4.jar
7f364a7d9000-7f364a7e8000 r--s 000d9000 08:01 16652953                   /home/sprydev5/.gradle/wrapper/dists/gradle-2.10-all/a4w5fzrkeut1ox71xslb49gst/gradle-2.10/lib/plugins/ivy-2.2.0.jar
7f364a7e8000-7f364a7fe000 r-xp 00000000 08:01 6031905                    /lib/x86_64-linux-gnu/libgcc_s.so.1
7f364a7fe000-7f364a9fd000 ---p 00016000 08:01 6031905                    /lib/x86_64-linux-gnu/libgcc_s.so.1
7f364a9fd000-7f364a9fe000 rw-p 00015000 08:01 6031905                    /lib/x86_64-linux-gnu/libgcc_s.so.1
7f364aa00000-7f364aae6000 r-xp 00000000 08:01 6691901                    /usr/lib/x86_64-linux-gnu/libstdc++.so.6.0.19
7f364aae6000-7f364ace5000 ---p 000e6000 08:01 6691901                    /usr/lib/x86_64-linux-gnu/libstdc++.so.6.0.19
7f364ace5000-7f364aced000 r--p 000e5000 08:01 6691901                    /usr/lib/x86_64-linux-gnu/libstdc++.so.6.0.19
7f364aced000-7f364acef000 rw-p 000ed000 08:01 6691901                    /usr/lib/x86_64-linux-gnu/libstdc++.so.6.0.19
7f364acef000-7f364ad04000 rw-p 00000000 00:00 0 
7f364ad09000-7f364ad25000 r--s 000c9000 08:01 16652921                   /home/sprydev5/.gradle/wrapper/dists/gradle-2.10-all/a4w5fzrkeut1ox71xslb49gst/gradle-2.10/lib/plugins/gradle-dependency-management-2.10.jar
7f364ad28000-7f364ad2c000 r-xp 00000000 08:01 12059497                   /home/sprydev5/.gradle/native/19/linux-amd64/libnative-platform.so
7f364ad2c000-7f364af2b000 ---p 00004000 08:01 12059497                   /home/sprydev5/.gradle/native/19/linux-amd64/libnative-platform.so
7f364af2b000-7f364af2c000 rw-p 00003000 08:01 12059497                   /home/sprydev5/.gradle/native/19/linux-amd64/libnative-platform.so
7f364af30000-7f364af41000 r-xp 00000000 08:01 9438187                    /usr/lib/jvm/jdk1.8.0_25/jre/lib/amd64/libnio.so
7f364af41000-7f364b140000 ---p 00011000 08:01 9438187                    /usr/lib/jvm/jdk1.8.0_25/jre/lib/amd64/libnio.so
7f364b140000-7f364b141000 rw-p 00010000 08:01 9438187                    /usr/lib/jvm/jdk1.8.0_25/jre/lib/amd64/libnio.so
7f364b148000-7f364b15e000 r-xp 00000000 08:01 9438162                    /usr/lib/jvm/jdk1.8.0_25/jre/lib/amd64/libnet.so
7f364b15e000-7f364b35e000 ---p 00016000 08:01 9438162                    /usr/lib/jvm/jdk1.8.0_25/jre/lib/amd64/libnet.so
7f364b35e000-7f364b35f000 rw-p 00016000 08:01 9438162                    /usr/lib/jvm/jdk1.8.0_25/jre/lib/amd64/libnet.so
7f364b366000-7f364b367000 r--s 00006000 08:01 16523431                   /home/sprydev5/.gradle/wrapper/dists/gradle-2.10-all/a4w5fzrkeut1ox71xslb49gst/gradle-2.10/lib/gradle-wrapper-2.10.jar
7f364b36b000-7f364b376000 r--s 0003b000 08:01 16523436                   /home/sprydev5/.gradle/wrapper/dists/gradle-2.10-all/a4w5fzrkeut1ox71xslb49gst/gradle-2.10/lib/gradle-tooling-api-2.10.jar
7f364b37a000-7f364b37c000 r--s 00002000 08:01 16523458                   /home/sprydev5/.gradle/wrapper/dists/gradle-2.10-all/a4w5fzrkeut1ox71xslb49gst/gradle-2.10/lib/gradle-open-api-2.10.jar
7f364b382000-7f364b388000 r--s 00032000 08:01 16523460                   /home/sprydev5/.gradle/wrapper/dists/gradle-2.10-all/a4w5fzrkeut1ox71xslb49gst/gradle-2.10/lib/jaxen-1.1.jar
7f364b388000-7f364b38d000 r--s 00048000 08:01 16523459                   /home/sprydev5/.gradle/wrapper/dists/gradle-2.10-all/a4w5fzrkeut1ox71xslb49gst/gradle-2.10/lib/dom4j-1.6.1.jar
7f364b391000-7f364b39c000 r--s 00059000 08:01 16523435                   /home/sprydev5/.gradle/wrapper/dists/gradle-2.10-all/a4w5fzrkeut1ox71xslb49gst/gradle-2.10/lib/gradle-ui-2.10.jar
7f364b3a0000-7f364b3a3000 r--s 00008000 08:01 16523454                   /home/sprydev5/.gradle/wrapper/dists/gradle-2.10-all/a4w5fzrkeut1ox71xslb49gst/gradle-2.10/lib/gradle-resources-2.10.jar
7f364b3a7000-7f364b3a9000 r--s 00007000 08:01 16523476                   /home/sprydev5/.gradle/wrapper/dists/gradle-2.10-all/a4w5fzrkeut1ox71xslb49gst/gradle-2.10/lib/objenesis-1.2.jar
7f364b3b0000-7f364b3b2000 r--s 00000000 08:01 16523475                   /home/sprydev5/.gradle/wrapper/dists/gradle-2.10-all/a4w5fzrkeut1ox71xslb49gst/gradle-2.10/lib/minlog-1.2.jar
7f364b3b7000-7f364b3b9000 r--s 0000f000 08:01 16523474                   /home/sprydev5/.gradle/wrapper/dists/gradle-2.10-all/a4w5fzrkeut1ox71xslb49gst/gradle-2.10/lib/reflectasm-1.07-shaded.jar
7f364b3be000-7f364b3c2000 r--s 00026000 08:01 16523465                   /home/sprydev5/.gradle/wrapper/dists/gradle-2.10-all/a4w5fzrkeut1ox71xslb49gst/gradle-2.10/lib/kryo-2.20.jar
7f364b3c7000-7f364b3d0000 r--s 0003f000 08:01 16523453                   /home/sprydev5/.gradle/wrapper/dists/gradle-2.10-all/a4w5fzrkeut1ox71xslb49gst/gradle-2.10/lib/gradle-messaging-2.10.jar
7f364b3d3000-7f364b3d4000 r--s 00003000 08:01 16523473                   /home/sprydev5/.gradle/wrapper/dists/gradle-2.10-all/a4w5fzrkeut1ox71xslb49gst/gradle-2.10/lib/native-platform-freebsd-amd64-0.10.jar
7f364b3db000-7f364b3dc000 r--s 00003000 08:01 16523472                   /home/sprydev5/.gradle/wrapper/dists/gradle-2.10-all/a4w5fzrkeut1ox71xslb49gst/gradle-2.10/lib/native-platform-freebsd-i386-0.10.jar
7f364b3dd000-7f364b3de000 r--s 00005000 08:01 16523471                   /home/sprydev5/.gradle/wrapper/dists/gradle-2.10-all/a4w5fzrkeut1ox71xslb49gst/gradle-2.10/lib/native-platform-windows-i386-0.10.jar
7f364b3e5000-7f364b3e6000 r--s 00005000 08:01 16523470                   /home/sprydev5/.gradle/wrapper/dists/gradle-2.10-all/a4w5fzrkeut1ox71xslb49gst/gradle-2.10/lib/native-platform-windows-amd64-0.10.jar
7f364b3eb000-7f364b3ec000 r--s 00003000 08:01 16523469                   /home/sprydev5/.gradle/wrapper/dists/gradle-2.10-all/a4w5fzrkeut1ox71xslb49gst/gradle-2.10/lib/native-platform-linux-i386-0.10.jar
7f364b3f3000-7f364b3f4000 r--s 00003000 08:01 16523468                   /home/sprydev5/.gradle/wrapper/dists/gradle-2.10-all/a4w5fzrkeut1ox71xslb49gst/gradle-2.10/lib/native-platform-linux-amd64-0.10.jar
7f364b3fa000-7f364b3fb000 r--s 00002000 08:01 16523467                   /home/sprydev5/.gradle/wrapper/dists/gradle-2.10-all/a4w5fzrkeut1ox71xslb49gst/gradle-2.10/lib/native-platform-osx-amd64-0.10.jar
7f364b402000-7f364b403000 r--s 00002000 08:01 16523466                   /home/sprydev5/.gradle/wrapper/dists/gradle-2.10-all/a4w5fzrkeut1ox71xslb49gst/gradle-2.10/lib/native-platform-osx-i386-0.10.jar
7f364b408000-7f364b40a000 r--s 00008000 08:01 16523463                   /home/sprydev5/.gradle/wrapper/dists/gradle-2.10-all/a4w5fzrkeut1ox71xslb49gst/gradle-2.10/lib/jansi-1.2.1.jar
7f364b40d000-7f364b410000 r--s 0000d000 08:01 16523462                   /home/sprydev5/.gradle/wrapper/dists/gradle-2.10-all/a4w5fzrkeut1ox71xslb49gst/gradle-2.10/lib/native-platform-0.10.jar
7f364b414000-7f364b418000 r--s 000e4000 08:01 16523461                   /home/sprydev5/.gradle/wrapper/dists/gradle-2.10-all/a4w5fzrkeut1ox71xslb49gst/gradle-2.10/lib/jna-3.2.7.jar
7f364b418000-7f364b41a000 r--s 00008000 08:01 16523437                   /home/sprydev5/.gradle/wrapper/dists/gradle-2.10-all/a4w5fzrkeut1ox71xslb49gst/gradle-2.10/lib/gradle-native-2.10.jar
7f364b41d000-7f364b41f000 r--s 00005000 08:01 16523434                   /home/sprydev5/.gradle/wrapper/dists/gradle-2.10-all/a4w5fzrkeut1ox71xslb49gst/gradle-2.10/lib/gradle-cli-2.10.jar
7f364b41f000-7f364b420000 r--s 00007000 08:01 16523443                   /home/sprydev5/.gradle/wrapper/dists/gradle-2.10-all/a4w5fzrkeut1ox71xslb49gst/gradle-2.10/lib/gradle-model-groovy-2.10.jar
7f364b425000-7f364b427000 r--s 00005000 08:01 16523452                   /home/sprydev5/.gradle/wrapper/dists/gradle-2.10-all/a4w5fzrkeut1ox71xslb49gst/gradle-2.10/lib/gradle-base-services-groovy-2.10.jar
7f364b42b000-7f364b438000 r--s 00073000 08:01 16523442                   /home/sprydev5/.gradle/wrapper/dists/gradle-2.10-all/a4w5fzrkeut1ox71xslb49gst/gradle-2.10/lib/gradle-model-core-2.10.jar
7f364b438000-7f364b439000 r--s 00000000 08:01 16523455                   /home/sprydev5/.gradle/wrapper/dists/gradle-2.10-all/a4w5fzrkeut1ox71xslb49gst/gradle-2.10/lib/gradle-docs-2.10.jar
7f364b43b000-7f364b43d000 r--s 00003000 08:01 16523457                   /home/sprydev5/.gradle/wrapper/dists/gradle-2.10-all/a4w5fzrkeut1ox71xslb49gst/gradle-2.10/lib/jcl-over-slf4j-1.7.10.jar
7f364b43d000-7f364b43e000 r--s 00005000 08:01 16523456                   /home/sprydev5/.gradle/wrapper/dists/gradle-2.10-all/a4w5fzrkeut1ox71xslb49gst/gradle-2.10/lib/log4j-over-slf4j-1.7.10.jar
7f364b443000-7f364b446000 r--s 0001b000 08:01 16523450                   /home/sprydev5/.gradle/wrapper/dists/gradle-2.10-all/a4w5fzrkeut1ox71xslb49gst/gradle-2.10/lib/jarjar-1.3.jar
7f364b448000-7f364b44a000 r--s 00000000 08:01 16523449                   /home/sprydev5/.gradle/wrapper/dists/gradle-2.10-all/a4w5fzrkeut1ox71xslb49gst/gradle-2.10/lib/jul-to-slf4j-1.7.10.jar
7f364b44f000-7f364b453000 r--s 00027000 08:01 16523447                   /home/sprydev5/.gradle/wrapper/dists/gradle-2.10-all/a4w5fzrkeut1ox71xslb49gst/gradle-2.10/lib/commons-io-2.2.jar
7f364b457000-7f364b465000 r--s 0007f000 08:01 16523446                   /home/sprydev5/.gradle/wrapper/dists/gradle-2.10-all/a4w5fzrkeut1ox71xslb49gst/gradle-2.10/lib/commons-collections-3.2.1.jar
7f364b466000-7f364b46b000 r--s 00036000 08:01 16523444                   /home/sprydev5/.gradle/wrapper/dists/gradle-2.10-all/a4w5fzrkeut1ox71xslb49gst/gradle-2.10/lib/asm-all-5.0.3.jar
7f364b46e000-7f364b4dd000 r--s 0063e000 08:01 16523441                   /home/sprydev5/.gradle/wrapper/dists/gradle-2.10-all/a4w5fzrkeut1ox71xslb49gst/gradle-2.10/lib/groovy-all-2.4.4.jar
7f364b4df000-7f364b507000 r--s 001cf000 08:01 16523439                   /home/sprydev5/.gradle/wrapper/dists/gradle-2.10-all/a4w5fzrkeut1ox71xslb49gst/gradle-2.10/lib/guava-jdk5-17.0.jar
7f364b50c000-7f364b52b000 r--s 001cc000 08:01 16523445                   /home/sprydev5/.gradle/wrapper/dists/gradle-2.10-all/a4w5fzrkeut1ox71xslb49gst/gradle-2.10/lib/ant-1.9.3.jar
7f364b52f000-7f364b530000 ---p 00000000 00:00 0 
7f364b530000-7f364b630000 rw-p 00000000 00:00 0                          [stack:32241]
7f364b630000-7f364bffe000 r--p 00000000 08:01 6689518                    /usr/lib/locale/locale-archive
7f364c000000-7f364c037000 rw-p 00000000 00:00 0 
7f364c037000-7f3650000000 ---p 00000000 00:00 0 
7f3650000000-7f36500fa000 rw-p 00000000 00:00 0 
7f36500fa000-7f3654000000 ---p 00000000 00:00 0 
7f3654000000-7f36542ab000 rw-p 00000000 00:00 0 
7f36542ab000-7f3658000000 ---p 00000000 00:00 0 
7f3658000000-7f3658001000 r--s 00000000 08:01 16523451                   /home/sprydev5/.gradle/wrapper/dists/gradle-2.10-all/a4w5fzrkeut1ox71xslb49gst/gradle-2.10/lib/javax.inject-1.jar
7f3658008000-7f3658009000 r--s 00000000 08:01 16523448                   /home/sprydev5/.gradle/wrapper/dists/gradle-2.10-all/a4w5fzrkeut1ox71xslb49gst/gradle-2.10/lib/jcip-annotations-1.0.jar
7f3658009000-7f365800e000 r--s 00041000 08:01 16523440                   /home/sprydev5/.gradle/wrapper/dists/gradle-2.10-all/a4w5fzrkeut1ox71xslb49gst/gradle-2.10/lib/commons-lang-2.6.jar
7f365800f000-7f3658010000 r--s 00007000 08:01 16523438                   /home/sprydev5/.gradle/wrapper/dists/gradle-2.10-all/a4w5fzrkeut1ox71xslb49gst/gradle-2.10/lib/slf4j-api-1.7.10.jar
7f3658014000-7f3658015000 r--s 00004000 08:01 16523464                   /home/sprydev5/.gradle/wrapper/dists/gradle-2.10-all/a4w5fzrkeut1ox71xslb49gst/gradle-2.10/lib/ant-launcher-1.9.3.jar
7f365801c000-7f3658053000 r--s 001bc000 08:01 16523433                   /home/sprydev5/.gradle/wrapper/dists/gradle-2.10-all/a4w5fzrkeut1ox71xslb49gst/gradle-2.10/lib/gradle-core-2.10.jar
7f365805a000-7f3658064000 r--s 0004a000 08:01 16523430                   /home/sprydev5/.gradle/wrapper/dists/gradle-2.10-all/a4w5fzrkeut1ox71xslb49gst/gradle-2.10/lib/gradle-launcher-2.10.jar
7f3658069000-7f365806c000 ---p 00000000 00:00 0 
7f365806c000-7f365816a000 rw-p 00000000 00:00 0                          [stack:32240]
7f365816a000-7f365816d000 ---p 00000000 00:00 0 
7f365816d000-7f365826b000 rw-p 00000000 00:00 0                          [stack:32239]
7f365826b000-7f365826e000 ---p 00000000 00:00 0 
7f365826e000-7f365836c000 rw-p 00000000 00:00 0                          [stack:32238]
7f365836c000-7f365836f000 ---p 00000000 00:00 0 
7f365836f000-7f365846d000 rw-p 00000000 00:00 0                          [stack:32237]
7f365846d000-7f3658470000 ---p 00000000 00:00 0 
7f3658470000-7f365856e000 rw-p 00000000 00:00 0                          [stack:32234]
7f365856e000-7f3658571000 ---p 00000000 00:00 0 
7f3658571000-7f365866f000 rw-p 00000000 00:00 0                          [stack:32233]
7f365866f000-7f3658670000 ---p 00000000 00:00 0 
7f3658670000-7f365909a000 rw-p 00000000 00:00 0                          [stack:32232]
7f365909a000-7f3659270000 r--s 03caa000 08:01 9438205                    /usr/lib/jvm/jdk1.8.0_25/jre/lib/rt.jar
7f3659277000-7f365bc77000 rw-p 00000000 00:00 0 
7f365bc77000-7f365bc78000 ---p 00000000 00:00 0 
7f365bc78000-7f365bd78000 rw-p 00000000 00:00 0                          [stack:32231]
7f365bd78000-7f365bd79000 ---p 00000000 00:00 0 
7f365bd79000-7f365bed7000 rw-p 00000000 00:00 0                          [stack:32230]
7f365bed7000-7f365bfcf000 ---p 00000000 00:00 0 
7f365bfcf000-7f365c02d000 rw-p 00000000 00:00 0 
7f365c02d000-7f365c124000 ---p 00000000 00:00 0 
7f365c124000-7f365c1cf000 rw-p 00000000 00:00 0 
7f365c1cf000-7f365c223000 rw-p 00000000 00:00 0 
7f365c223000-7f365c590000 ---p 00000000 00:00 0 
7f365c590000-7f365da20000 rwxp 00000000 00:00 0 
7f365da20000-7f366b590000 ---p 00000000 00:00 0 
7f366b590000-7f366b5aa000 r-xp 00000000 08:01 9438156                    /usr/lib/jvm/jdk1.8.0_25/jre/lib/amd64/libzip.so
7f366b5aa000-7f366b7aa000 ---p 0001a000 08:01 9438156                    /usr/lib/jvm/jdk1.8.0_25/jre/lib/amd64/libzip.so
7f366b7aa000-7f366b7ab000 rw-p 0001a000 08:01 9438156                    /usr/lib/jvm/jdk1.8.0_25/jre/lib/amd64/libzip.so
7f366b7b0000-7f366b7bb000 r-xp 00000000 08:01 6035796                    /lib/x86_64-linux-gnu/libnss_files-2.19.so
7f366b7bb000-7f366b9ba000 ---p 0000b000 08:01 6035796                    /lib/x86_64-linux-gnu/libnss_files-2.19.so
7f366b9ba000-7f366b9bb000 r--p 0000a000 08:01 6035796                    /lib/x86_64-linux-gnu/libnss_files-2.19.so
7f366b9bb000-7f366b9bc000 rw-p 0000b000 08:01 6035796                    /lib/x86_64-linux-gnu/libnss_files-2.19.so
7f366b9c0000-7f366b9cb000 r-xp 00000000 08:01 6035779                    /lib/x86_64-linux-gnu/libnss_nis-2.19.so
7f366b9cb000-7f366bbca000 ---p 0000b000 08:01 6035779                    /lib/x86_64-linux-gnu/libnss_nis-2.19.so
7f366bbca000-7f366bbcb000 r--p 0000a000 08:01 6035779                    /lib/x86_64-linux-gnu/libnss_nis-2.19.so
7f366bbcb000-7f366bbcc000 rw-p 0000b000 08:01 6035779                    /lib/x86_64-linux-gnu/libnss_nis-2.19.so
7f366bbd0000-7f366bbe7000 r-xp 00000000 08:01 6035775                    /lib/x86_64-linux-gnu/libnsl-2.19.so
7f366bbe7000-7f366bde6000 ---p 00017000 08:01 6035775                    /lib/x86_64-linux-gnu/libnsl-2.19.so
7f366bde6000-7f366bde7000 r--p 00016000 08:01 6035775                    /lib/x86_64-linux-gnu/libnsl-2.19.so
7f366bde7000-7f366bde8000 rw-p 00017000 08:01 6035775                    /lib/x86_64-linux-gnu/libnsl-2.19.so
7f366bde8000-7f366bdea000 rw-p 00000000 00:00 0 
7f366bdf0000-7f366bdf9000 r-xp 00000000 08:01 6035774                    /lib/x86_64-linux-gnu/libnss_compat-2.19.so
7f366bdf9000-7f366bff8000 ---p 00009000 08:01 6035774                    /lib/x86_64-linux-gnu/libnss_compat-2.19.so
7f366bff8000-7f366bff9000 r--p 00008000 08:01 6035774                    /lib/x86_64-linux-gnu/libnss_compat-2.19.so
7f366bff9000-7f366bffa000 rw-p 00009000 08:01 6035774                    /lib/x86_64-linux-gnu/libnss_compat-2.19.so
7f366c000000-7f366ca9f000 rw-p 00000000 00:00 0 
7f366ca9f000-7f3670000000 ---p 00000000 00:00 0 
7f3670004000-7f367000b000 r--s 00034000 08:01 16523432                   /home/sprydev5/.gradle/wrapper/dists/gradle-2.10-all/a4w5fzrkeut1ox71xslb49gst/gradle-2.10/lib/gradle-base-services-2.10.jar
7f3670010000-7f36700c8000 rw-p 00000000 00:00 0 
7f36700c8000-7f36700f2000 r-xp 00000000 08:01 9438135                    /usr/lib/jvm/jdk1.8.0_25/jre/lib/amd64/libjava.so
7f36700f2000-7f36702f2000 ---p 0002a000 08:01 9438135                    /usr/lib/jvm/jdk1.8.0_25/jre/lib/amd64/libjava.so
7f36702f2000-7f36702f4000 rw-p 0002a000 08:01 9438135                    /usr/lib/jvm/jdk1.8.0_25/jre/lib/amd64/libjava.so
7f36702f8000-7f3670305000 r-xp 00000000 08:01 9438150                    /usr/lib/jvm/jdk1.8.0_25/jre/lib/amd64/libverify.so
7f3670305000-7f3670505000 ---p 0000d000 08:01 9438150                    /usr/lib/jvm/jdk1.8.0_25/jre/lib/amd64/libverify.so
7f3670505000-7f3670507000 rw-p 0000d000 08:01 9438150                    /usr/lib/jvm/jdk1.8.0_25/jre/lib/amd64/libverify.so
7f3670508000-7f367050f000 r-xp 00000000 08:01 6035783                    /lib/x86_64-linux-gnu/librt-2.19.so
7f367050f000-7f367070e000 ---p 00007000 08:01 6035783                    /lib/x86_64-linux-gnu/librt-2.19.so
7f367070e000-7f367070f000 r--p 00006000 08:01 6035783                    /lib/x86_64-linux-gnu/librt-2.19.so
7f367070f000-7f3670710000 rw-p 00007000 08:01 6035783                    /lib/x86_64-linux-gnu/librt-2.19.so
7f3670710000-7f3670815000 r-xp 00000000 08:01 6035769                    /lib/x86_64-linux-gnu/libm-2.19.so
7f3670815000-7f3670a14000 ---p 00105000 08:01 6035769                    /lib/x86_64-linux-gnu/libm-2.19.so
7f3670a14000-7f3670a15000 r--p 00104000 08:01 6035769                    /lib/x86_64-linux-gnu/libm-2.19.so
7f3670a15000-7f3670a16000 rw-p 00105000 08:01 6035769                    /lib/x86_64-linux-gnu/libm-2.19.so
7f3670a18000-7f3671685000 r-xp 00000000 08:01 9438172                    /usr/lib/jvm/jdk1.8.0_25/jre/lib/amd64/server/libjvm.so
7f3671685000-7f3671884000 ---p 00c6d000 08:01 9438172                    /usr/lib/jvm/jdk1.8.0_25/jre/lib/amd64/server/libjvm.so
7f3671884000-7f367195a000 rw-p 00c6c000 08:01 9438172                    /usr/lib/jvm/jdk1.8.0_25/jre/lib/amd64/server/libjvm.so
7f367195a000-7f367199d000 rw-p 00000000 00:00 0 
7f36719a0000-7f3671b5b000 r-xp 00000000 08:01 6035784                    /lib/x86_64-linux-gnu/libc-2.19.so
7f3671b5b000-7f3671d5a000 ---p 001bb000 08:01 6035784                    /lib/x86_64-linux-gnu/libc-2.19.so
7f3671d5a000-7f3671d5e000 r--p 001ba000 08:01 6035784                    /lib/x86_64-linux-gnu/libc-2.19.so
7f3671d5e000-7f3671d60000 rw-p 001be000 08:01 6035784                    /lib/x86_64-linux-gnu/libc-2.19.so
7f3671d60000-7f3671d65000 rw-p 00000000 00:00 0 
7f3671d68000-7f3671d6b000 r-xp 00000000 08:01 6035771                    /lib/x86_64-linux-gnu/libdl-2.19.so
7f3671d6b000-7f3671f6a000 ---p 00003000 08:01 6035771                    /lib/x86_64-linux-gnu/libdl-2.19.so
7f3671f6a000-7f3671f6b000 r--p 00002000 08:01 6035771                    /lib/x86_64-linux-gnu/libdl-2.19.so
7f3671f6b000-7f3671f6c000 rw-p 00003000 08:01 6035771                    /lib/x86_64-linux-gnu/libdl-2.19.so
7f3671f70000-7f3671f85000 r-xp 00000000 08:01 9437335                    /usr/lib/jvm/jdk1.8.0_25/lib/amd64/jli/libjli.so
7f3671f85000-7f3672184000 ---p 00015000 08:01 9437335                    /usr/lib/jvm/jdk1.8.0_25/lib/amd64/jli/libjli.so
7f3672184000-7f3672185000 rw-p 00014000 08:01 9437335                    /usr/lib/jvm/jdk1.8.0_25/lib/amd64/jli/libjli.so
7f3672188000-7f36721a1000 r-xp 00000000 08:01 6035776                    /lib/x86_64-linux-gnu/libpthread-2.19.so
7f36721a1000-7f36723a0000 ---p 00019000 08:01 6035776                    /lib/x86_64-linux-gnu/libpthread-2.19.so
7f36723a0000-7f36723a1000 r--p 00018000 08:01 6035776                    /lib/x86_64-linux-gnu/libpthread-2.19.so
7f36723a1000-7f36723a2000 rw-p 00019000 08:01 6035776                    /lib/x86_64-linux-gnu/libpthread-2.19.so
7f36723a2000-7f36723a6000 rw-p 00000000 00:00 0 
7f36723a8000-7f36723cb000 r-xp 00000000 08:01 6035777                    /lib/x86_64-linux-gnu/ld-2.19.so
7f36723d2000-7f36724b8000 rw-p 00000000 00:00 0 
7f36724b8000-7f36724c0000 rw-s 00000000 08:01 8787918                    /tmp/hsperfdata_sprydev5/32227
7f36724c5000-7f36724c6000 rw-p 00000000 00:00 0 
7f36724c6000-7f36724c7000 r--p 00000000 00:00 0 
7f36724c7000-7f36724c8000 rw-p 00000000 00:00 0 
7f36724c8000-7f36724c9000 ---p 00000000 00:00 0 
7f36724c9000-7f36724cc000 ---p 00000000 00:00 0 
7f36724cc000-7f36725ca000 rw-p 00000000 00:00 0                          [stack:32229]
7f36725ca000-7f36725cb000 r--p 00022000 08:01 6035777                    /lib/x86_64-linux-gnu/ld-2.19.so
7f36725cb000-7f36725cc000 rw-p 00023000 08:01 6035777                    /lib/x86_64-linux-gnu/ld-2.19.so
7f36725cc000-7f36725cf000 rw-p 00000000 00:00 0 
7f36725cf000-7f36725d3000 rw-p 00000000 00:00 0 
7ffcaec9b000-7ffcaecbc000 rw-p 00000000 00:00 0                          [stack]
7ffcaede0000-7ffcaede2000 r-xp 00000000 00:00 0                          [vdso]
ffffffffff600000-ffffffffff601000 r-xp 00000000 00:00 0                  [vsyscall]

VM Arguments:
jvm_args: -Xms256m -Xmx1024m -Dfile.encoding=UTF-8 -Duser.country=US -Duser.language=en -Duser.variant 
java_command: org.gradle.launcher.daemon.bootstrap.GradleDaemon 2.10
java_class_path (initial): /home/sprydev5/.gradle/wrapper/dists/gradle-2.10-all/a4w5fzrkeut1ox71xslb49gst/gradle-2.10/lib/gradle-launcher-2.10.jar
Launcher Type: SUN_STANDARD

Environment Variables:
PATH=/usr/local/sbin:/usr/local/bin:/usr/sbin:/usr/bin:/sbin:/bin:/usr/games:/usr/local/games
LD_LIBRARY_PATH=/home/sprydev5/Desktop/android-studio/bin:
SHELL=/bin/bash
DISPLAY=:0.0

Signal Handlers:
SIGSEGV: [libjvm.so+0xa79a80], sa_mask[0]=11111111011111111101111111111110, sa_flags=SA_RESTART|SA_SIGINFO
SIGBUS: [libjvm.so+0xa79a80], sa_mask[0]=11111111011111111101111111111110, sa_flags=SA_RESTART|SA_SIGINFO
SIGFPE: [libjvm.so+0x8e24e0], sa_mask[0]=11111111011111111101111111111110, sa_flags=SA_RESTART|SA_SIGINFO
SIGPIPE: [libjvm.so+0x8e24e0], sa_mask[0]=11111111011111111101111111111110, sa_flags=SA_RESTART|SA_SIGINFO
SIGXFSZ: [libjvm.so+0x8e24e0], sa_mask[0]=11111111011111111101111111111110, sa_flags=SA_RESTART|SA_SIGINFO
SIGILL: [libjvm.so+0x8e24e0], sa_mask[0]=11111111011111111101111111111110, sa_flags=SA_RESTART|SA_SIGINFO
SIGUSR1: SIG_DFL, sa_mask[0]=00000000000000000000000000000000, sa_flags=none
SIGUSR2: [libjvm.so+0x8e3d10], sa_mask[0]=00100000000000000000000000000000, sa_flags=SA_RESTART|SA_SIGINFO
SIGHUP: [libjvm.so+0x8e50d0], sa_mask[0]=11111111011111111101111111111110, sa_flags=SA_RESTART|SA_SIGINFO
SIGINT: [libjvm.so+0x8e50d0], sa_mask[0]=11111111011111111101111111111110, sa_flags=SA_RESTART|SA_SIGINFO
SIGTERM: [libjvm.so+0x8e50d0], sa_mask[0]=11111111011111111101111111111110, sa_flags=SA_RESTART|SA_SIGINFO
SIGQUIT: [libjvm.so+0x8e50d0], sa_mask[0]=11111111011111111101111111111110, sa_flags=SA_RESTART|SA_SIGINFO


---------------  S Y S T E M  ---------------

OS:DISTRIB_ID=Ubuntu
DISTRIB_RELEASE=14.04
DISTRIB_CODENAME=trusty
DISTRIB_DESCRIPTION="Ubuntu 14.04.4 LTS"

uname:Linux 3.13.0-53-generic #89-Ubuntu SMP Wed May 20 10:34:39 UTC 2015 x86_64
libc:glibc 2.19 NPTL 2.19 
rlimit: STACK 8192k, CORE 0k, NPROC 56727, NOFILE 4096, AS infinity
load average:6.81 2.41 1.01

/proc/meminfo:
MemTotal:        7282760 kB
MemFree:          146372 kB
Buffers:         1031604 kB
Cached:          2205404 kB
SwapCached:         8464 kB
Active:          3617368 kB
Inactive:        2313484 kB
Active(anon):    2018808 kB
Inactive(anon):   719212 kB
Active(file):    1598560 kB
Inactive(file):  1594272 kB
Unevictable:          64 kB
Mlocked:              64 kB
SwapTotal:       3923964 kB
SwapFree:        3903980 kB
Dirty:              2080 kB
Writeback:             0 kB
AnonPages:       2687644 kB
Mapped:           231756 kB
Shmem:             44164 kB
Slab:            1031232 kB
SReclaimable:     983888 kB
SUnreclaim:        47344 kB
KernelStack:        4184 kB
PageTables:        36640 kB
NFS_Unstable:          0 kB
Bounce:                0 kB
WritebackTmp:          0 kB
CommitLimit:     7565344 kB
Committed_AS:    7033108 kB
VmallocTotal:   34359738367 kB
VmallocUsed:      119276 kB
VmallocChunk:   34359578936 kB
HardwareCorrupted:     0 kB
AnonHugePages:    784384 kB
HugePages_Total:       0
HugePages_Free:        0
HugePages_Rsvd:        0
HugePages_Surp:        0
Hugepagesize:       2048 kB
DirectMap4k:       76672 kB
DirectMap2M:     5373952 kB
DirectMap1G:     2097152 kB


CPU:total 2 (2 cores per cpu, 1 threads per core) family 21 model 19 stepping 1, cmov, cx8, fxsr, mmx, sse, sse2, sse3, ssse3, sse4.1, sse4.2, popcnt, avx, aes, clmul, mmxext, 3dnowpref, lzcnt, sse4a, tsc, tscinvbit, tscinv, bmi1

/proc/cpuinfo:
processor	: 0
vendor_id	: AuthenticAMD
cpu family	: 21
model		: 19
model name	: AMD A4-6300 APU with Radeon(tm) HD Graphics
stepping	: 1
microcode	: 0x6001119
cpu MHz		: 3700.000
cache size	: 1024 KB
physical id	: 0
siblings	: 2
core id		: 0
cpu cores	: 1
apicid		: 16
initial apicid	: 0
fpu		: yes
fpu_exception	: yes
cpuid level	: 13
wp		: yes
flags		: fpu vme de pse tsc msr pae mce cx8 apic sep mtrr pge mca cmov pat pse36 clflush mmx fxsr sse sse2 ht syscall nx mmxext fxsr_opt pdpe1gb rdtscp lm constant_tsc rep_good nopl nonstop_tsc extd_apicid aperfmperf pni pclmulqdq monitor ssse3 fma cx16 sse4_1 sse4_2 popcnt aes xsave avx f16c lahf_lm cmp_legacy svm extapic cr8_legacy abm sse4a misalignsse 3dnowprefetch osvw ibs xop skinit wdt lwp fma4 tce nodeid_msr tbm topoext perfctr_core perfctr_nb arat cpb hw_pstate npt lbrv svm_lock nrip_save tsc_scale vmcb_clean flushbyasid decodeassists pausefilter pfthreshold vmmcall bmi1
bogomips	: 7380.89
TLB size	: 1536 4K pages
clflush size	: 64
cache_alignment	: 64
address sizes	: 48 bits physical, 48 bits virtual
power management: ts ttp tm 100mhzsteps hwpstate cpb eff_freq_ro

processor	: 1
vendor_id	: AuthenticAMD
cpu family	: 21
model		: 19
model name	: AMD A4-6300 APU with Radeon(tm) HD Graphics    
stepping	: 1
microcode	: 0x6001119
cpu MHz		: 3700.000
cache size	: 1024 KB
physical id	: 0
siblings	: 2
core id		: 1
cpu cores	: 1
apicid		: 17
initial apicid	: 1
fpu		: yes
fpu_exception	: yes
cpuid level	: 13
wp		: yes
flags		: fpu vme de pse tsc msr pae mce cx8 apic sep mtrr pge mca cmov pat pse36 clflush mmx fxsr sse sse2 ht syscall nx mmxext fxsr_opt pdpe1gb rdtscp lm constant_tsc rep_good nopl nonstop_tsc extd_apicid aperfmperf pni pclmulqdq monitor ssse3 fma cx16 sse4_1 sse4_2 popcnt aes xsave avx f16c lahf_lm cmp_legacy svm extapic cr8_legacy abm sse4a misalignsse 3dnowprefetch osvw ibs xop skinit wdt lwp fma4 tce nodeid_msr tbm topoext perfctr_core perfctr_nb arat cpb hw_pstate npt lbrv svm_lock nrip_save tsc_scale vmcb_clean flushbyasid decodeassists pausefilter pfthreshold vmmcall bmi1
bogomips	: 7380.89
TLB size	: 1536 4K pages
clflush size	: 64
cache_alignment	: 64
address sizes	: 48 bits physical, 48 bits virtual
power management: ts ttp tm 100mhzsteps hwpstate cpb eff_freq_ro



Memory: 4k page, physical 7282760k(146372k free), swap 3923964k(3903980k free)

vm_info: Java HotSpot(TM) 64-Bit Server VM (25.25-b02) for linux-amd64 JRE (1.8.0_25-b17), built on Sep 17 2014 17:32:11 by "java_re" with gcc 4.3.0 20080428 (Red Hat 4.3.0-8)

time: Wed Jun 22 09:32:39 2016
elapsed time: 66 seconds (0d 0h 1m 6s)

